

Started GET "/" for 127.0.0.1 at 2012-02-22 21:25:53 +0100

ActionController::RoutingError (No route matches [GET] "/"):
  actionpack (3.2.1) lib/action_dispatch/middleware/debug_exceptions.rb:21:in `call'
  actionpack (3.2.1) lib/action_dispatch/middleware/show_exceptions.rb:56:in `call'
  railties (3.2.1) lib/rails/rack/logger.rb:26:in `call_app'
  railties (3.2.1) lib/rails/rack/logger.rb:16:in `call'
  actionpack (3.2.1) lib/action_dispatch/middleware/request_id.rb:22:in `call'
  rack (1.4.1) lib/rack/methodoverride.rb:21:in `call'
  rack (1.4.1) lib/rack/runtime.rb:17:in `call'
  activesupport (3.2.1) lib/active_support/cache/strategy/local_cache.rb:72:in `call'
  rack (1.4.1) lib/rack/lock.rb:15:in `call'
  actionpack (3.2.1) lib/action_dispatch/middleware/static.rb:53:in `call'
  railties (3.2.1) lib/rails/engine.rb:479:in `call'
  railties (3.2.1) lib/rails/application.rb:220:in `call'
  rack (1.4.1) lib/rack/content_length.rb:14:in `call'
  railties (3.2.1) lib/rails/rack/log_tailer.rb:14:in `call'
  rack (1.4.1) lib/rack/handler/webrick.rb:59:in `service'
  c:/Ruby193/lib/ruby/1.9.1/webrick/httpserver.rb:138:in `service'
  c:/Ruby193/lib/ruby/1.9.1/webrick/httpserver.rb:94:in `run'
  c:/Ruby193/lib/ruby/1.9.1/webrick/server.rb:191:in `block in start_thread'


  Rendered c:/Ruby193/lib/ruby/gems/1.9.1/gems/actionpack-3.2.1/lib/action_dispatch/middleware/templates/rescues/routing_error.erb within rescues/layout (30.0ms)


Started GET "/" for 127.0.0.1 at 2012-04-26 17:48:36 +0200
Processing by NotesController#index as HTML
Completed 500 Internal Server Error in 0ms

ActiveRecord::StatementInvalid (Could not find table 'notes'):
  app/controllers/notes_controller.rb:5:in `index'


  Rendered c:/ruby/lib/ruby/gems/1.9.1/gems/actionpack-3.2.1/lib/action_dispatch/middleware/templates/rescues/_trace.erb (0.0ms)
  Rendered c:/ruby/lib/ruby/gems/1.9.1/gems/actionpack-3.2.1/lib/action_dispatch/middleware/templates/rescues/_request_and_response.erb (0.0ms)
  Rendered c:/ruby/lib/ruby/gems/1.9.1/gems/actionpack-3.2.1/lib/action_dispatch/middleware/templates/rescues/diagnostics.erb within rescues/layout (20.0ms)
  [1m[36m (0.0ms)[0m  [1mselect sqlite_version(*)[0m
  [1m[35m (15.6ms)[0m  CREATE TABLE "schema_migrations" ("version" varchar(255) NOT NULL) 
  [1m[36m (0.0ms)[0m  [1mPRAGMA index_list("schema_migrations")[0m
  [1m[35m (0.0ms)[0m  CREATE UNIQUE INDEX "unique_schema_migrations" ON "schema_migrations" ("version")
  [1m[36m (0.0ms)[0m  [1mSELECT "schema_migrations"."version" FROM "schema_migrations" [0m
Migrating to CreateNotes (20120426154658)
  [1m[35m (0.0ms)[0m  begin transaction
  [1m[36m (0.0ms)[0m  [1mCREATE TABLE "notes" ("id" INTEGER PRIMARY KEY AUTOINCREMENT NOT NULL, "title" varchar(255), "desc" text, "created_at" datetime NOT NULL, "updated_at" datetime NOT NULL) [0m
  [1m[35m (0.0ms)[0m  INSERT INTO "schema_migrations" ("version") VALUES ('20120426154658')
  [1m[36m (0.0ms)[0m  [1mcommit transaction[0m
  [1m[35m (0.0ms)[0m  select sqlite_version(*)
  [1m[36m (0.0ms)[0m  [1mSELECT "schema_migrations"."version" FROM "schema_migrations" [0m
  [1m[35m (0.0ms)[0m  PRAGMA index_list("notes")


Started GET "/" for 127.0.0.1 at 2012-04-26 17:49:26 +0200
Processing by NotesController#index as HTML
  [1m[36mNote Load (0.0ms)[0m  [1mSELECT "notes".* FROM "notes" [0m
  Rendered notes/index.html.erb within layouts/application (0.0ms)
Compiled notes.css  (19ms)  (pid 4036)
Compiled scaffolds.css  (19ms)  (pid 4036)
Compiled application.css  (110ms)  (pid 4036)
Compiled jquery.js  (0ms)  (pid 4036)
Compiled jquery_ujs.js  (0ms)  (pid 4036)
Compiled notes.js  (160ms)  (pid 4036)
Compiled application.js  (300ms)  (pid 4036)
Completed 200 OK in 520ms (Views: 520.0ms | ActiveRecord: 0.0ms)


Started GET "/assets/application.css?body=1" for 127.0.0.1 at 2012-04-26 17:49:27 +0200
Served asset /application.css - 200 OK (9ms)


Started GET "/assets/notes.css?body=1" for 127.0.0.1 at 2012-04-26 17:49:27 +0200
Served asset /notes.css - 200 OK (0ms)


Started GET "/assets/scaffolds.css?body=1" for 127.0.0.1 at 2012-04-26 17:49:27 +0200
Served asset /scaffolds.css - 200 OK (0ms)


Started GET "/assets/jquery.js?body=1" for 127.0.0.1 at 2012-04-26 17:49:27 +0200
Served asset /jquery.js - 200 OK (10ms)


Started GET "/assets/jquery_ujs.js?body=1" for 127.0.0.1 at 2012-04-26 17:49:27 +0200
Served asset /jquery_ujs.js - 200 OK (9ms)


Started GET "/assets/notes.js?body=1" for 127.0.0.1 at 2012-04-26 17:49:27 +0200
Served asset /notes.js - 200 OK (0ms)


Started GET "/assets/application.js?body=1" for 127.0.0.1 at 2012-04-26 17:49:27 +0200
Served asset /application.js - 200 OK (0ms)


Started GET "/notes/new" for 127.0.0.1 at 2012-04-26 17:49:32 +0200
Processing by NotesController#new as HTML
  Rendered notes/_form.html.erb (0.0ms)
  Rendered notes/new.html.erb within layouts/application (15.6ms)
Completed 200 OK in 47ms (Views: 46.8ms | ActiveRecord: 0.0ms)


Started GET "/assets/notes.css?body=1" for 127.0.0.1 at 2012-04-26 17:49:32 +0200
Served asset /notes.css - 200 OK (0ms)


Started POST "/notes" for 127.0.0.1 at 2012-04-26 17:49:35 +0200
Processing by NotesController#create as HTML
  Parameters: {"utf8"=>"✓", "authenticity_token"=>"C8oAudFNOZBVGgsW8twy2RqRKR0L9v5a2vXZ3H8XuL4=", "note"=>{"title"=>"1", "desc"=>"2"}, "commit"=>"Create Note"}
  [1m[35m (0.0ms)[0m  begin transaction
  [1m[36mSQL (30.0ms)[0m  [1mINSERT INTO "notes" ("created_at", "desc", "title", "updated_at") VALUES (?, ?, ?, ?)[0m  [["created_at", Thu, 26 Apr 2012 15:49:36 UTC +00:00], ["desc", "2"], ["title", "1"], ["updated_at", Thu, 26 Apr 2012 15:49:36 UTC +00:00]]
  [1m[35m (10.0ms)[0m  commit transaction
Redirected to http://localhost:3000/notes/1
Completed 302 Found in 40ms (ActiveRecord: 40.0ms)


Started GET "/notes/1" for 127.0.0.1 at 2012-04-26 17:49:36 +0200
Processing by NotesController#show as HTML
  Parameters: {"id"=>"1"}
  [1m[36mNote Load (0.0ms)[0m  [1mSELECT "notes".* FROM "notes" WHERE "notes"."id" = ? LIMIT 1[0m  [["id", "1"]]
  Rendered notes/show.html.erb within layouts/application (0.0ms)
Completed 200 OK in 10ms (Views: 10.0ms | ActiveRecord: 0.0ms)


Started GET "/assets/notes.css?body=1" for 127.0.0.1 at 2012-04-26 17:49:36 +0200
Served asset /notes.css - 200 OK (0ms)


Started GET "/notes" for 127.0.0.1 at 2012-04-26 17:49:38 +0200
Processing by NotesController#index as HTML
  [1m[35mNote Load (0.0ms)[0m  SELECT "notes".* FROM "notes" 
  Rendered notes/index.html.erb within layouts/application (0.0ms)
Completed 200 OK in 10ms (Views: 10.0ms | ActiveRecord: 0.0ms)


Started GET "/assets/notes.css?body=1" for 127.0.0.1 at 2012-04-26 17:49:38 +0200
Served asset /notes.css - 200 OK (0ms)
  [1m[36m (0.0ms)[0m  [1mSELECT "schema_migrations"."version" FROM "schema_migrations" [0m
Migrating to CreateNotes (20120426154658)
Migrating to CreateFileAttachments (20120426155052)
  [1m[35m (0.0ms)[0m  select sqlite_version(*)
  [1m[36m (0.0ms)[0m  [1mbegin transaction[0m
  [1m[35m (0.0ms)[0m  CREATE TABLE "file_attachments" ("id" INTEGER PRIMARY KEY AUTOINCREMENT NOT NULL, "title" varchar(255), "desc" text, "note_id" integer, "created_at" datetime NOT NULL, "updated_at" datetime NOT NULL) 
  [1m[36m (0.0ms)[0m  [1mINSERT INTO "schema_migrations" ("version") VALUES ('20120426155052')[0m
  [1m[35m (0.0ms)[0m  commit transaction
  [1m[36m (0.0ms)[0m  [1mselect sqlite_version(*)[0m
  [1m[35m (0.0ms)[0m  SELECT "schema_migrations"."version" FROM "schema_migrations" 
  [1m[36m (0.0ms)[0m  [1mPRAGMA index_list("file_attachments")[0m
  [1m[35m (0.0ms)[0m  PRAGMA index_list("notes")


Started GET "/notes" for 127.0.0.1 at 2012-04-26 17:57:23 +0200
Processing by NotesController#index as HTML
  [1m[36mNote Load (0.0ms)[0m  [1mSELECT "notes".* FROM "notes" [0m
  Rendered notes/index.html.erb within layouts/application (20.0ms)
Compiled file_attachments.css  (19ms)  (pid 2396)
Compiled application.css  (49ms)  (pid 2396)
Compiled file_attachments.js  (160ms)  (pid 2396)
Compiled application.js  (190ms)  (pid 2396)
Completed 200 OK in 430ms (Views: 430.0ms | ActiveRecord: 0.0ms)


Started GET "/assets/application.css?body=1" for 127.0.0.1 at 2012-04-26 17:57:25 +0200
Served asset /application.css - 304 Not Modified (41ms)


Started GET "/assets/notes.css?body=1" for 127.0.0.1 at 2012-04-26 17:57:25 +0200
Served asset /notes.css - 200 OK (0ms)


Started GET "/assets/scaffolds.css?body=1" for 127.0.0.1 at 2012-04-26 17:57:25 +0200
Served asset /scaffolds.css - 304 Not Modified (0ms)


Started GET "/assets/file_attachments.css?body=1" for 127.0.0.1 at 2012-04-26 17:57:25 +0200
Served asset /file_attachments.css - 200 OK (0ms)


Started GET "/assets/jquery.js?body=1" for 127.0.0.1 at 2012-04-26 17:57:26 +0200
Served asset /jquery.js - 304 Not Modified (0ms)


Started GET "/assets/jquery_ujs.js?body=1" for 127.0.0.1 at 2012-04-26 17:57:26 +0200
Served asset /jquery_ujs.js - 304 Not Modified (0ms)


Started GET "/assets/application.css?body=1" for 127.0.0.1 at 2012-04-26 17:57:26 +0200
Served asset /application.css - 304 Not Modified (0ms)


Started GET "/assets/application.js?body=1" for 127.0.0.1 at 2012-04-26 17:57:26 +0200
Served asset /application.js - 304 Not Modified (9ms)


Started GET "/assets/notes.js?body=1" for 127.0.0.1 at 2012-04-26 17:57:26 +0200
Served asset /notes.js - 304 Not Modified (0ms)


Started GET "/assets/scaffolds.css?body=1" for 127.0.0.1 at 2012-04-26 17:57:26 +0200
Served asset /scaffolds.css - 304 Not Modified (0ms)


Started GET "/assets/file_attachments.js?body=1" for 127.0.0.1 at 2012-04-26 17:57:26 +0200
Served asset /file_attachments.js - 200 OK (0ms)


Started GET "/assets/jquery_ujs.js?body=1" for 127.0.0.1 at 2012-04-26 17:57:26 +0200
Served asset /jquery_ujs.js - 304 Not Modified (0ms)


Started GET "/assets/notes.js?body=1" for 127.0.0.1 at 2012-04-26 17:57:26 +0200
Served asset /notes.js - 304 Not Modified (0ms)


Started GET "/assets/application.js?body=1" for 127.0.0.1 at 2012-04-26 17:57:26 +0200
Served asset /application.js - 304 Not Modified (0ms)


Started GET "/file_attachments/new.1" for 127.0.0.1 at 2012-04-26 17:57:30 +0200
Processing by FileAttachmentsController#new as 
Completed 406 Not Acceptable in 0ms (ActiveRecord: 0.0ms)


Started GET "/file_attachments/new" for 127.0.0.1 at 2012-04-26 18:00:29 +0200
Processing by FileAttachmentsController#new as HTML
  Rendered file_attachments/_form.html.erb (10.0ms)
  Rendered file_attachments/new.html.erb within layouts/application (41.2ms)
Completed 200 OK in 41ms (Views: 41.2ms | ActiveRecord: 0.0ms)


Started GET "/assets/application.css?body=1" for 127.0.0.1 at 2012-04-26 18:00:29 +0200
Served asset /application.css - 200 OK (0ms)


Started GET "/assets/file_attachments.css?body=1" for 127.0.0.1 at 2012-04-26 18:00:29 +0200
Served asset /file_attachments.css - 200 OK (0ms)


Started GET "/assets/file_attachments.js?body=1" for 127.0.0.1 at 2012-04-26 18:00:29 +0200
Served asset /file_attachments.js - 200 OK (0ms)


Started GET "/assets/jquery.js?body=1" for 127.0.0.1 at 2012-04-26 18:00:29 +0200
Served asset /jquery.js - 200 OK (0ms)


Started GET "/assets/scaffolds.css?body=1" for 127.0.0.1 at 2012-04-26 18:00:29 +0200
Served asset /scaffolds.css - 200 OK (0ms)


Started GET "/assets/jquery_ujs.js?body=1" for 127.0.0.1 at 2012-04-26 18:00:29 +0200
Served asset /jquery_ujs.js - 200 OK (0ms)


Started GET "/assets/notes.css?body=1" for 127.0.0.1 at 2012-04-26 18:00:29 +0200
Served asset /notes.css - 200 OK (0ms)


Started GET "/assets/notes.js?body=1" for 127.0.0.1 at 2012-04-26 18:00:29 +0200
Served asset /notes.js - 200 OK (0ms)


Started GET "/assets/application.js?body=1" for 127.0.0.1 at 2012-04-26 18:00:29 +0200
Served asset /application.js - 200 OK (0ms)


Started GET "/assets/application.js?body=1" for 127.0.0.1 at 2012-04-26 18:00:29 +0200
Served asset /application.js - 200 OK (0ms)


Started GET "/file_attachments/new.1" for 127.0.0.1 at 2012-04-26 18:02:24 +0200
Processing by FileAttachmentsController#new as 
Completed 406 Not Acceptable in 100ms (ActiveRecord: 0.0ms)


Started GET "/file_attachments/new.1" for 127.0.0.1 at 2012-04-26 18:05:40 +0200
Processing by FileAttachmentsController#new as 
Completed 406 Not Acceptable in 0ms (ActiveRecord: 0.0ms)


Started GET "/file_attachments/new.1" for 127.0.0.1 at 2012-04-26 18:06:03 +0200
Processing by FileAttachmentsController#new as 
Completed 406 Not Acceptable in 0ms (ActiveRecord: 0.0ms)


Started GET "/" for 127.0.0.1 at 2012-04-26 18:06:39 +0200
Processing by NotesController#index as HTML
  [1m[36mNote Load (0.0ms)[0m  [1mSELECT "notes".* FROM "notes" [0m
  Rendered notes/index.html.erb within layouts/application (30.0ms)
Completed 200 OK in 120ms (Views: 120.0ms | ActiveRecord: 0.0ms)


Started GET "/assets/notes.css?body=1" for 127.0.0.1 at 2012-04-26 18:06:41 +0200
Served asset /notes.css - 200 OK (0ms)


Started GET "/assets/file_attachments.css?body=1" for 127.0.0.1 at 2012-04-26 18:06:41 +0200
Served asset /file_attachments.css - 200 OK (0ms)


Started GET "/notes/new" for 127.0.0.1 at 2012-04-26 18:06:44 +0200
Processing by NotesController#new as HTML
  Rendered notes/_form.html.erb (10.0ms)
  Rendered notes/new.html.erb within layouts/application (30.0ms)
Completed 200 OK in 50ms (Views: 50.0ms | ActiveRecord: 0.0ms)


Started GET "/assets/notes.css?body=1" for 127.0.0.1 at 2012-04-26 18:06:45 +0200
Served asset /notes.css - 200 OK (0ms)


Started GET "/assets/file_attachments.css?body=1" for 127.0.0.1 at 2012-04-26 18:06:45 +0200
Served asset /file_attachments.css - 200 OK (0ms)


Started POST "/notes" for 127.0.0.1 at 2012-04-26 18:06:51 +0200
Processing by NotesController#create as HTML
  Parameters: {"utf8"=>"✓", "authenticity_token"=>"C8oAudFNOZBVGgsW8twy2RqRKR0L9v5a2vXZ3H8XuL4=", "note"=>{"title"=>"agebe", "desc"=>"haha"}, "commit"=>"Create Note"}
  [1m[35m (0.0ms)[0m  begin transaction
  [1m[36mSQL (40.0ms)[0m  [1mINSERT INTO "notes" ("created_at", "desc", "title", "updated_at") VALUES (?, ?, ?, ?)[0m  [["created_at", Thu, 26 Apr 2012 16:06:51 UTC +00:00], ["desc", "haha"], ["title", "agebe"], ["updated_at", Thu, 26 Apr 2012 16:06:51 UTC +00:00]]
  [1m[35m (10.0ms)[0m  commit transaction
Redirected to http://localhost:3000/notes/2
Completed 302 Found in 50ms (ActiveRecord: 50.0ms)


Started GET "/notes/2" for 127.0.0.1 at 2012-04-26 18:06:51 +0200
Processing by NotesController#show as HTML
  Parameters: {"id"=>"2"}
  [1m[36mNote Load (0.0ms)[0m  [1mSELECT "notes".* FROM "notes" WHERE "notes"."id" = ? LIMIT 1[0m  [["id", "2"]]
  [1m[35mFileAttachment Load (10.0ms)[0m  SELECT "file_attachments".* FROM "file_attachments" WHERE "file_attachments"."note" = 2
SQLite3::SQLException: no such column: file_attachments.note: SELECT "file_attachments".* FROM "file_attachments"  WHERE "file_attachments"."note" = 2
Completed 500 Internal Server Error in 161ms

NoMethodError (undefined method `put' for #<NotesController:0x41cd888>):
  app/controllers/notes_controller.rb:18:in `show'


  Rendered c:/ruby/lib/ruby/gems/1.9.1/gems/actionpack-3.2.1/lib/action_dispatch/middleware/templates/rescues/_trace.erb (10.0ms)
  Rendered c:/ruby/lib/ruby/gems/1.9.1/gems/actionpack-3.2.1/lib/action_dispatch/middleware/templates/rescues/_request_and_response.erb (0.0ms)
  Rendered c:/ruby/lib/ruby/gems/1.9.1/gems/actionpack-3.2.1/lib/action_dispatch/middleware/templates/rescues/diagnostics.erb within rescues/layout (10.0ms)


Started POST "/notes" for 127.0.0.1 at 2012-04-26 18:07:23 +0200
Processing by NotesController#create as HTML
  Parameters: {"utf8"=>"✓", "authenticity_token"=>"C8oAudFNOZBVGgsW8twy2RqRKR0L9v5a2vXZ3H8XuL4=", "note"=>{"title"=>"agebe", "desc"=>"haha"}, "commit"=>"Create Note"}
  [1m[36m (0.0ms)[0m  [1mbegin transaction[0m
  [1m[35mSQL (0.0ms)[0m  INSERT INTO "notes" ("created_at", "desc", "title", "updated_at") VALUES (?, ?, ?, ?)  [["created_at", Thu, 26 Apr 2012 16:07:23 UTC +00:00], ["desc", "haha"], ["title", "agebe"], ["updated_at", Thu, 26 Apr 2012 16:07:23 UTC +00:00]]
  [1m[36m (10.0ms)[0m  [1mcommit transaction[0m
Redirected to http://localhost:3000/notes/3
Completed 302 Found in 20ms (ActiveRecord: 10.0ms)


Started GET "/notes/3" for 127.0.0.1 at 2012-04-26 18:07:23 +0200
Processing by NotesController#show as HTML
  Parameters: {"id"=>"3"}
  [1m[35mNote Load (0.0ms)[0m  SELECT "notes".* FROM "notes" WHERE "notes"."id" = ? LIMIT 1  [["id", "3"]]
  Rendered notes/show.html.erb within layouts/application (0.0ms)
Completed 200 OK in 21ms (Views: 11.0ms | ActiveRecord: 0.0ms)


Started GET "/assets/file_attachments.css?body=1" for 127.0.0.1 at 2012-04-26 18:07:23 +0200
Served asset /file_attachments.css - 200 OK (0ms)


Started GET "/assets/notes.css?body=1" for 127.0.0.1 at 2012-04-26 18:07:23 +0200
Served asset /notes.css - 200 OK (0ms)


Started GET "/notes" for 127.0.0.1 at 2012-04-26 18:07:25 +0200
Processing by NotesController#index as HTML
  [1m[36mNote Load (0.0ms)[0m  [1mSELECT "notes".* FROM "notes" [0m
  Rendered notes/index.html.erb within layouts/application (0.0ms)
Completed 200 OK in 16ms (Views: 15.6ms | ActiveRecord: 0.0ms)


Started GET "/assets/file_attachments.css?body=1" for 127.0.0.1 at 2012-04-26 18:07:25 +0200
Served asset /file_attachments.css - 200 OK (0ms)


Started GET "/assets/notes.css?body=1" for 127.0.0.1 at 2012-04-26 18:07:25 +0200
Served asset /notes.css - 200 OK (0ms)


Started GET "/file_attachments/new" for 127.0.0.1 at 2012-04-26 18:07:30 +0200
Processing by FileAttachmentsController#new as HTML
  Rendered file_attachments/_form.html.erb (15.6ms)
  Rendered file_attachments/new.html.erb within layouts/application (15.6ms)
Completed 200 OK in 94ms (Views: 31.2ms | ActiveRecord: 0.0ms)


Started GET "/assets/notes.css?body=1" for 127.0.0.1 at 2012-04-26 18:07:30 +0200
Served asset /notes.css - 200 OK (0ms)


Started GET "/assets/file_attachments.css?body=1" for 127.0.0.1 at 2012-04-26 18:07:30 +0200
Served asset /file_attachments.css - 200 OK (0ms)


Started GET "/file_attachments/new" for 127.0.0.1 at 2012-04-26 18:07:34 +0200
Processing by FileAttachmentsController#new as HTML
  Rendered file_attachments/_form.html.erb (15.6ms)
  Rendered file_attachments/new.html.erb within layouts/application (15.6ms)
Completed 200 OK in 16ms (Views: 15.6ms | ActiveRecord: 0.0ms)


Started GET "/assets/file_attachments.css?body=1" for 127.0.0.1 at 2012-04-26 18:07:34 +0200
Served asset /file_attachments.css - 200 OK (0ms)


Started GET "/assets/notes.css?body=1" for 127.0.0.1 at 2012-04-26 18:07:34 +0200
Served asset /notes.css - 200 OK (0ms)


Started GET "/file_attachments/new" for 127.0.0.1 at 2012-04-26 18:07:39 +0200
Processing by FileAttachmentsController#new as HTML
  Rendered file_attachments/_form.html.erb (0.0ms)
  Rendered file_attachments/new.html.erb within layouts/application (0.0ms)
Completed 200 OK in 16ms (Views: 15.6ms | ActiveRecord: 0.0ms)


Started GET "/assets/file_attachments.css?body=1" for 127.0.0.1 at 2012-04-26 18:07:39 +0200
Served asset /file_attachments.css - 200 OK (0ms)


Started GET "/assets/notes.css?body=1" for 127.0.0.1 at 2012-04-26 18:07:39 +0200
Served asset /notes.css - 200 OK (0ms)


Started POST "/file_attachments" for 127.0.0.1 at 2012-04-26 18:07:47 +0200
Processing by FileAttachmentsController#create as HTML
  Parameters: {"utf8"=>"✓", "authenticity_token"=>"C8oAudFNOZBVGgsW8twy2RqRKR0L9v5a2vXZ3H8XuL4=", "file_attachment"=>{"title"=>"lolo", "desc"=>"lolos"}, "commit"=>"Create File attachment"}
  [1m[35m (0.0ms)[0m  begin transaction
  [1m[36mSQL (10.0ms)[0m  [1mINSERT INTO "file_attachments" ("created_at", "desc", "note_id", "title", "updated_at") VALUES (?, ?, ?, ?, ?)[0m  [["created_at", Thu, 26 Apr 2012 16:07:47 UTC +00:00], ["desc", "lolos"], ["note_id", nil], ["title", "lolo"], ["updated_at", Thu, 26 Apr 2012 16:07:47 UTC +00:00]]
  [1m[35m (10.0ms)[0m  commit transaction
Redirected to http://localhost:3000/file_attachments/1
Completed 302 Found in 20ms (ActiveRecord: 20.0ms)


Started GET "/file_attachments/1" for 127.0.0.1 at 2012-04-26 18:07:47 +0200
Processing by FileAttachmentsController#show as HTML
  Parameters: {"id"=>"1"}
  [1m[36mFileAttachment Load (0.0ms)[0m  [1mSELECT "file_attachments".* FROM "file_attachments" WHERE "file_attachments"."id" = ? LIMIT 1[0m  [["id", "1"]]
  Rendered file_attachments/show.html.erb within layouts/application (0.0ms)
Completed 200 OK in 10ms (Views: 10.0ms | ActiveRecord: 0.0ms)


Started GET "/assets/file_attachments.css?body=1" for 127.0.0.1 at 2012-04-26 18:07:47 +0200
Served asset /file_attachments.css - 200 OK (0ms)


Started GET "/assets/notes.css?body=1" for 127.0.0.1 at 2012-04-26 18:07:47 +0200
Served asset /notes.css - 200 OK (0ms)


Started GET "/file_attachments" for 127.0.0.1 at 2012-04-26 18:07:49 +0200
Processing by FileAttachmentsController#index as HTML
  [1m[35mFileAttachment Load (0.0ms)[0m  SELECT "file_attachments".* FROM "file_attachments" 
  Rendered file_attachments/index.html.erb within layouts/application (0.0ms)
Completed 200 OK in 10ms (Views: 10.0ms | ActiveRecord: 0.0ms)


Started GET "/assets/notes.css?body=1" for 127.0.0.1 at 2012-04-26 18:07:49 +0200
Served asset /notes.css - 200 OK (0ms)


Started GET "/assets/file_attachments.css?body=1" for 127.0.0.1 at 2012-04-26 18:07:49 +0200
Served asset /file_attachments.css - 200 OK (0ms)


Started GET "/" for 127.0.0.1 at 2012-04-26 18:09:33 +0200
Processing by NotesController#index as HTML
  [1m[36mNote Load (0.0ms)[0m  [1mSELECT "notes".* FROM "notes" [0m
  Rendered notes/index.html.erb within layouts/application (10.0ms)
Completed 200 OK in 20ms (Views: 20.0ms | ActiveRecord: 0.0ms)


Started GET "/assets/file_attachments.css?body=1" for 127.0.0.1 at 2012-04-26 18:09:33 +0200
Served asset /file_attachments.css - 200 OK (0ms)


Started GET "/assets/notes.css?body=1" for 127.0.0.1 at 2012-04-26 18:09:33 +0200
Served asset /notes.css - 200 OK (0ms)


Started GET "/file_attachments/new" for 127.0.0.1 at 2012-04-26 18:09:35 +0200
Processing by FileAttachmentsController#new as HTML
  Rendered file_attachments/_form.html.erb (0.0ms)
  Rendered file_attachments/new.html.erb within layouts/application (10.0ms)
Completed 200 OK in 20ms (Views: 20.0ms | ActiveRecord: 0.0ms)


Started GET "/assets/file_attachments.css?body=1" for 127.0.0.1 at 2012-04-26 18:09:36 +0200
Served asset /file_attachments.css - 200 OK (0ms)


Started GET "/assets/notes.css?body=1" for 127.0.0.1 at 2012-04-26 18:09:36 +0200
Served asset /notes.css - 200 OK (0ms)


Started POST "/file_attachments" for 127.0.0.1 at 2012-04-26 18:09:40 +0200
Processing by FileAttachmentsController#create as HTML
  Parameters: {"utf8"=>"✓", "authenticity_token"=>"C8oAudFNOZBVGgsW8twy2RqRKR0L9v5a2vXZ3H8XuL4=", "file_attachment"=>{"title"=>"ddd", "desc"=>"ddd"}, "commit"=>"Create File attachment"}
  [1m[35m (0.0ms)[0m  begin transaction
  [1m[36mSQL (0.0ms)[0m  [1mINSERT INTO "file_attachments" ("created_at", "desc", "note_id", "title", "updated_at") VALUES (?, ?, ?, ?, ?)[0m  [["created_at", Thu, 26 Apr 2012 16:09:40 UTC +00:00], ["desc", "ddd"], ["note_id", nil], ["title", "ddd"], ["updated_at", Thu, 26 Apr 2012 16:09:40 UTC +00:00]]
  [1m[35m (20.0ms)[0m  commit transaction
Redirected to 
Completed 500 Internal Server Error in 20ms

ActionController::ActionControllerError (Cannot redirect to nil!):
  app/controllers/file_attachments_controller.rb:48:in `block (2 levels) in create'
  app/controllers/file_attachments_controller.rb:46:in `create'


  Rendered c:/ruby/lib/ruby/gems/1.9.1/gems/actionpack-3.2.1/lib/action_dispatch/middleware/templates/rescues/_trace.erb (0.0ms)
  Rendered c:/ruby/lib/ruby/gems/1.9.1/gems/actionpack-3.2.1/lib/action_dispatch/middleware/templates/rescues/_request_and_response.erb (0.0ms)
  Rendered c:/ruby/lib/ruby/gems/1.9.1/gems/actionpack-3.2.1/lib/action_dispatch/middleware/templates/rescues/diagnostics.erb within rescues/layout (10.0ms)


Started GET "/file_attachments/new" for 127.0.0.1 at 2012-04-26 18:10:57 +0200
Processing by FileAttachmentsController#new as HTML
  Rendered file_attachments/_form.html.erb (0.0ms)
  Rendered file_attachments/new.html.erb within layouts/application (0.0ms)
Completed 200 OK in 31ms (Views: 31.2ms | ActiveRecord: 0.0ms)


Started GET "/assets/application.css?body=1" for 127.0.0.1 at 2012-04-26 18:10:57 +0200
Served asset /application.css - 200 OK (15ms)


Started GET "/assets/notes.js?body=1" for 127.0.0.1 at 2012-04-26 18:10:57 +0200
Served asset /notes.js - 200 OK (0ms)


Started GET "/assets/application.js?body=1" for 127.0.0.1 at 2012-04-26 18:10:57 +0200
Served asset /application.js - 200 OK (15ms)


Started GET "/assets/scaffolds.css?body=1" for 127.0.0.1 at 2012-04-26 18:10:57 +0200
Served asset /scaffolds.css - 200 OK (0ms)


Started GET "/assets/jquery.js?body=1" for 127.0.0.1 at 2012-04-26 18:10:57 +0200
Served asset /jquery.js - 200 OK (0ms)


Started GET "/assets/file_attachments.js?body=1" for 127.0.0.1 at 2012-04-26 18:10:57 +0200
Served asset /file_attachments.js - 200 OK (0ms)


Started GET "/assets/file_attachments.css?body=1" for 127.0.0.1 at 2012-04-26 18:10:57 +0200
Served asset /file_attachments.css - 200 OK (0ms)


Started GET "/assets/notes.css?body=1" for 127.0.0.1 at 2012-04-26 18:10:57 +0200
Served asset /notes.css - 200 OK (0ms)


Started GET "/assets/jquery_ujs.js?body=1" for 127.0.0.1 at 2012-04-26 18:10:58 +0200
Served asset /jquery_ujs.js - 200 OK (15ms)


Started GET "/file_attachments/new" for 127.0.0.1 at 2012-04-26 18:11:30 +0200
Processing by FileAttachmentsController#new as HTML
  Rendered file_attachments/_form.html.erb (10.0ms)
  Rendered file_attachments/new.html.erb within layouts/application (10.0ms)
Completed 200 OK in 20ms (Views: 20.0ms | ActiveRecord: 0.0ms)


Started GET "/assets/file_attachments.css?body=1" for 127.0.0.1 at 2012-04-26 18:11:30 +0200
Served asset /file_attachments.css - 200 OK (0ms)


Started GET "/assets/notes.css?body=1" for 127.0.0.1 at 2012-04-26 18:11:30 +0200
Served asset /notes.css - 200 OK (0ms)


Started GET "/file_attachments/new" for 127.0.0.1 at 2012-04-26 18:13:05 +0200
Processing by FileAttachmentsController#new as HTML
  Rendered file_attachments/_form.html.erb (0.0ms)
  Rendered file_attachments/new.html.erb within layouts/application (0.0ms)
Completed 200 OK in 20ms (Views: 20.0ms | ActiveRecord: 0.0ms)


Started GET "/assets/file_attachments.css?body=1" for 127.0.0.1 at 2012-04-26 18:13:05 +0200
Served asset /file_attachments.css - 200 OK (0ms)


Started GET "/assets/notes.css?body=1" for 127.0.0.1 at 2012-04-26 18:13:05 +0200
Served asset /notes.css - 200 OK (0ms)


Started GET "/file_attachments/new" for 127.0.0.1 at 2012-04-26 18:14:05 +0200
Processing by FileAttachmentsController#new as HTML
  Rendered file_attachments/_form.html.erb (0.0ms)
  Rendered file_attachments/new.html.erb within layouts/application (0.0ms)
Completed 200 OK in 20ms (Views: 20.0ms | ActiveRecord: 0.0ms)


Started GET "/assets/notes.css?body=1" for 127.0.0.1 at 2012-04-26 18:14:05 +0200
Served asset /notes.css - 200 OK (0ms)


Started GET "/assets/file_attachments.css?body=1" for 127.0.0.1 at 2012-04-26 18:14:05 +0200
Served asset /file_attachments.css - 200 OK (0ms)


Started GET "/file_attachments/new" for 127.0.0.1 at 2012-04-26 18:16:04 +0200
Processing by FileAttachmentsController#new as HTML
  Rendered file_attachments/_form.html.erb (0.0ms)
  Rendered file_attachments/new.html.erb within layouts/application (0.0ms)
Completed 200 OK in 16ms (Views: 15.6ms | ActiveRecord: 0.0ms)


Started GET "/assets/file_attachments.css?body=1" for 127.0.0.1 at 2012-04-26 18:16:04 +0200
Served asset /file_attachments.css - 200 OK (0ms)


Started GET "/assets/notes.css?body=1" for 127.0.0.1 at 2012-04-26 18:16:04 +0200
Served asset /notes.css - 200 OK (0ms)


Started GET "/file_attachments/new" for 127.0.0.1 at 2012-04-26 18:17:46 +0200
Processing by FileAttachmentsController#new as HTML
  Rendered file_attachments/_form.html.erb (15.6ms)
  Rendered file_attachments/new.html.erb within layouts/application (15.6ms)
Completed 200 OK in 16ms (Views: 15.6ms | ActiveRecord: 0.0ms)


Started GET "/assets/file_attachments.css?body=1" for 127.0.0.1 at 2012-04-26 18:17:46 +0200
Served asset /file_attachments.css - 200 OK (0ms)


Started GET "/assets/notes.css?body=1" for 127.0.0.1 at 2012-04-26 18:17:46 +0200
Served asset /notes.css - 200 OK (0ms)


Started GET "/file_attachments/new" for 127.0.0.1 at 2012-04-26 18:18:02 +0200
Processing by FileAttachmentsController#new as HTML
  Rendered file_attachments/_form.html.erb (0.0ms)
  Rendered file_attachments/new.html.erb within layouts/application (0.0ms)
Completed 200 OK in 16ms (Views: 15.6ms | ActiveRecord: 0.0ms)


Started GET "/assets/file_attachments.css?body=1" for 127.0.0.1 at 2012-04-26 18:18:02 +0200
Served asset /file_attachments.css - 200 OK (0ms)


Started GET "/assets/application.css?body=1" for 127.0.0.1 at 2012-04-26 18:18:02 +0200
Served asset /application.css - 304 Not Modified (0ms)


Started GET "/assets/notes.css?body=1" for 127.0.0.1 at 2012-04-26 18:18:02 +0200
Served asset /notes.css - 200 OK (0ms)


Started GET "/assets/scaffolds.css?body=1" for 127.0.0.1 at 2012-04-26 18:18:02 +0200
Served asset /scaffolds.css - 304 Not Modified (0ms)


Started GET "/assets/jquery.js?body=1" for 127.0.0.1 at 2012-04-26 18:18:02 +0200
Served asset /jquery.js - 304 Not Modified (0ms)


Started GET "/assets/notes.js?body=1" for 127.0.0.1 at 2012-04-26 18:18:02 +0200
Served asset /notes.js - 304 Not Modified (0ms)


Started GET "/assets/jquery_ujs.js?body=1" for 127.0.0.1 at 2012-04-26 18:18:02 +0200
Served asset /jquery_ujs.js - 304 Not Modified (0ms)


Started GET "/assets/file_attachments.js?body=1" for 127.0.0.1 at 2012-04-26 18:18:02 +0200
Served asset /file_attachments.js - 304 Not Modified (0ms)


Started GET "/assets/application.js?body=1" for 127.0.0.1 at 2012-04-26 18:18:02 +0200
Served asset /application.js - 304 Not Modified (0ms)


Started GET "/assets/notes.js?body=1" for 127.0.0.1 at 2012-04-26 18:18:02 +0200
Served asset /notes.js - 304 Not Modified (0ms)


Started GET "/assets/application.js?body=1" for 127.0.0.1 at 2012-04-26 18:18:02 +0200
Served asset /application.js - 304 Not Modified (0ms)


Started GET "/" for 127.0.0.1 at 2012-04-26 18:18:04 +0200
Processing by NotesController#index as HTML
  [1m[36mNote Load (0.0ms)[0m  [1mSELECT "notes".* FROM "notes" [0m
  Rendered notes/index.html.erb within layouts/application (0.0ms)
Completed 200 OK in 16ms (Views: 15.6ms | ActiveRecord: 0.0ms)


Started GET "/assets/application.css?body=1" for 127.0.0.1 at 2012-04-26 18:18:04 +0200
Served asset /application.css - 304 Not Modified (0ms)


Started GET "/assets/file_attachments.css?body=1" for 127.0.0.1 at 2012-04-26 18:18:04 +0200
Served asset /file_attachments.css - 200 OK (0ms)


Started GET "/assets/notes.css?body=1" for 127.0.0.1 at 2012-04-26 18:18:04 +0200
Served asset /notes.css - 200 OK (0ms)


Started GET "/assets/jquery_ujs.js?body=1" for 127.0.0.1 at 2012-04-26 18:18:04 +0200
Served asset /jquery_ujs.js - 304 Not Modified (0ms)


Started GET "/assets/scaffolds.css?body=1" for 127.0.0.1 at 2012-04-26 18:18:04 +0200
Served asset /scaffolds.css - 304 Not Modified (0ms)


Started GET "/assets/jquery.js?body=1" for 127.0.0.1 at 2012-04-26 18:18:04 +0200
Served asset /jquery.js - 304 Not Modified (0ms)


Started GET "/assets/notes.js?body=1" for 127.0.0.1 at 2012-04-26 18:18:04 +0200
Served asset /notes.js - 304 Not Modified (0ms)


Started GET "/assets/file_attachments.js?body=1" for 127.0.0.1 at 2012-04-26 18:18:04 +0200
Served asset /file_attachments.js - 304 Not Modified (0ms)


Started GET "/assets/application.js?body=1" for 127.0.0.1 at 2012-04-26 18:18:04 +0200
Served asset /application.js - 304 Not Modified (0ms)


Started GET "/assets/jquery_ujs.js?body=1" for 127.0.0.1 at 2012-04-26 18:18:04 +0200
Served asset /jquery_ujs.js - 304 Not Modified (0ms)


Started GET "/assets/file_attachments.js?body=1" for 127.0.0.1 at 2012-04-26 18:18:04 +0200
Served asset /file_attachments.js - 304 Not Modified (0ms)


Started GET "/assets/notes.js?body=1" for 127.0.0.1 at 2012-04-26 18:18:04 +0200
Served asset /notes.js - 304 Not Modified (0ms)


Started GET "/assets/application.js?body=1" for 127.0.0.1 at 2012-04-26 18:18:04 +0200
Served asset /application.js - 304 Not Modified (0ms)


Started GET "/file_attachments/new.3" for 127.0.0.1 at 2012-04-26 18:18:04 +0200
Processing by FileAttachmentsController#new as 
Completed 406 Not Acceptable in 0ms (ActiveRecord: 0.0ms)


Started GET "/file_attachments/new.3" for 127.0.0.1 at 2012-04-26 18:20:12 +0200

NameError (undefined local variable or method `map' for #<ActionDispatch::Routing::Mapper:0x419d5b8>):
  config/routes.rb:5:in `block in <top (required)>'
  config/routes.rb:1:in `<top (required)>'


  Rendered c:/ruby/lib/ruby/gems/1.9.1/gems/actionpack-3.2.1/lib/action_dispatch/middleware/templates/rescues/_trace.erb (0.0ms)
  Rendered c:/ruby/lib/ruby/gems/1.9.1/gems/actionpack-3.2.1/lib/action_dispatch/middleware/templates/rescues/_request_and_response.erb (15.6ms)
  Rendered c:/ruby/lib/ruby/gems/1.9.1/gems/actionpack-3.2.1/lib/action_dispatch/middleware/templates/rescues/diagnostics.erb within rescues/layout (15.6ms)


Started GET "/file_attachments/new.1" for 127.0.0.1 at 2012-04-26 18:25:51 +0200

ActionController::RoutingError (No route matches [GET] "/file_attachments/new.1"):
  actionpack (3.2.1) lib/action_dispatch/middleware/debug_exceptions.rb:21:in `call'
  actionpack (3.2.1) lib/action_dispatch/middleware/show_exceptions.rb:56:in `call'
  railties (3.2.1) lib/rails/rack/logger.rb:26:in `call_app'
  railties (3.2.1) lib/rails/rack/logger.rb:16:in `call'
  actionpack (3.2.1) lib/action_dispatch/middleware/request_id.rb:22:in `call'
  rack (1.4.1) lib/rack/methodoverride.rb:21:in `call'
  rack (1.4.1) lib/rack/runtime.rb:17:in `call'
  activesupport (3.2.1) lib/active_support/cache/strategy/local_cache.rb:72:in `call'
  rack (1.4.1) lib/rack/lock.rb:15:in `call'
  actionpack (3.2.1) lib/action_dispatch/middleware/static.rb:53:in `call'
  railties (3.2.1) lib/rails/engine.rb:479:in `call'
  railties (3.2.1) lib/rails/application.rb:220:in `call'
  rack (1.4.1) lib/rack/content_length.rb:14:in `call'
  railties (3.2.1) lib/rails/rack/log_tailer.rb:14:in `call'
  rack (1.4.1) lib/rack/handler/webrick.rb:59:in `service'
  c:/ruby/lib/ruby/1.9.1/webrick/httpserver.rb:138:in `service'
  c:/ruby/lib/ruby/1.9.1/webrick/httpserver.rb:94:in `run'
  c:/ruby/lib/ruby/1.9.1/webrick/server.rb:191:in `block in start_thread'


  Rendered c:/ruby/lib/ruby/gems/1.9.1/gems/actionpack-3.2.1/lib/action_dispatch/middleware/templates/rescues/routing_error.erb within rescues/layout (2.5ms)


Started GET "/file_attachments/new.1" for 127.0.0.1 at 2012-04-26 18:26:04 +0200

ActionController::RoutingError (No route matches [GET] "/file_attachments/new.1"):
  actionpack (3.2.1) lib/action_dispatch/middleware/debug_exceptions.rb:21:in `call'
  actionpack (3.2.1) lib/action_dispatch/middleware/show_exceptions.rb:56:in `call'
  railties (3.2.1) lib/rails/rack/logger.rb:26:in `call_app'
  railties (3.2.1) lib/rails/rack/logger.rb:16:in `call'
  actionpack (3.2.1) lib/action_dispatch/middleware/request_id.rb:22:in `call'
  rack (1.4.1) lib/rack/methodoverride.rb:21:in `call'
  rack (1.4.1) lib/rack/runtime.rb:17:in `call'
  activesupport (3.2.1) lib/active_support/cache/strategy/local_cache.rb:72:in `call'
  rack (1.4.1) lib/rack/lock.rb:15:in `call'
  actionpack (3.2.1) lib/action_dispatch/middleware/static.rb:53:in `call'
  railties (3.2.1) lib/rails/engine.rb:479:in `call'
  railties (3.2.1) lib/rails/application.rb:220:in `call'
  rack (1.4.1) lib/rack/content_length.rb:14:in `call'
  railties (3.2.1) lib/rails/rack/log_tailer.rb:14:in `call'
  rack (1.4.1) lib/rack/handler/webrick.rb:59:in `service'
  c:/ruby/lib/ruby/1.9.1/webrick/httpserver.rb:138:in `service'
  c:/ruby/lib/ruby/1.9.1/webrick/httpserver.rb:94:in `run'
  c:/ruby/lib/ruby/1.9.1/webrick/server.rb:191:in `block in start_thread'


  Rendered c:/ruby/lib/ruby/gems/1.9.1/gems/actionpack-3.2.1/lib/action_dispatch/middleware/templates/rescues/routing_error.erb within rescues/layout (0.0ms)


Started GET "/file_attachments/new.2" for 127.0.0.1 at 2012-04-26 18:26:09 +0200

ActionController::RoutingError (No route matches [GET] "/file_attachments/new.2"):
  actionpack (3.2.1) lib/action_dispatch/middleware/debug_exceptions.rb:21:in `call'
  actionpack (3.2.1) lib/action_dispatch/middleware/show_exceptions.rb:56:in `call'
  railties (3.2.1) lib/rails/rack/logger.rb:26:in `call_app'
  railties (3.2.1) lib/rails/rack/logger.rb:16:in `call'
  actionpack (3.2.1) lib/action_dispatch/middleware/request_id.rb:22:in `call'
  rack (1.4.1) lib/rack/methodoverride.rb:21:in `call'
  rack (1.4.1) lib/rack/runtime.rb:17:in `call'
  activesupport (3.2.1) lib/active_support/cache/strategy/local_cache.rb:72:in `call'
  rack (1.4.1) lib/rack/lock.rb:15:in `call'
  actionpack (3.2.1) lib/action_dispatch/middleware/static.rb:53:in `call'
  railties (3.2.1) lib/rails/engine.rb:479:in `call'
  railties (3.2.1) lib/rails/application.rb:220:in `call'
  rack (1.4.1) lib/rack/content_length.rb:14:in `call'
  railties (3.2.1) lib/rails/rack/log_tailer.rb:14:in `call'
  rack (1.4.1) lib/rack/handler/webrick.rb:59:in `service'
  c:/ruby/lib/ruby/1.9.1/webrick/httpserver.rb:138:in `service'
  c:/ruby/lib/ruby/1.9.1/webrick/httpserver.rb:94:in `run'
  c:/ruby/lib/ruby/1.9.1/webrick/server.rb:191:in `block in start_thread'


  Rendered c:/ruby/lib/ruby/gems/1.9.1/gems/actionpack-3.2.1/lib/action_dispatch/middleware/templates/rescues/routing_error.erb within rescues/layout (0.0ms)


Started GET "/file_attachments/new.3" for 127.0.0.1 at 2012-04-26 18:26:11 +0200

ActionController::RoutingError (No route matches [GET] "/file_attachments/new.3"):
  actionpack (3.2.1) lib/action_dispatch/middleware/debug_exceptions.rb:21:in `call'
  actionpack (3.2.1) lib/action_dispatch/middleware/show_exceptions.rb:56:in `call'
  railties (3.2.1) lib/rails/rack/logger.rb:26:in `call_app'
  railties (3.2.1) lib/rails/rack/logger.rb:16:in `call'
  actionpack (3.2.1) lib/action_dispatch/middleware/request_id.rb:22:in `call'
  rack (1.4.1) lib/rack/methodoverride.rb:21:in `call'
  rack (1.4.1) lib/rack/runtime.rb:17:in `call'
  activesupport (3.2.1) lib/active_support/cache/strategy/local_cache.rb:72:in `call'
  rack (1.4.1) lib/rack/lock.rb:15:in `call'
  actionpack (3.2.1) lib/action_dispatch/middleware/static.rb:53:in `call'
  railties (3.2.1) lib/rails/engine.rb:479:in `call'
  railties (3.2.1) lib/rails/application.rb:220:in `call'
  rack (1.4.1) lib/rack/content_length.rb:14:in `call'
  railties (3.2.1) lib/rails/rack/log_tailer.rb:14:in `call'
  rack (1.4.1) lib/rack/handler/webrick.rb:59:in `service'
  c:/ruby/lib/ruby/1.9.1/webrick/httpserver.rb:138:in `service'
  c:/ruby/lib/ruby/1.9.1/webrick/httpserver.rb:94:in `run'
  c:/ruby/lib/ruby/1.9.1/webrick/server.rb:191:in `block in start_thread'


  Rendered c:/ruby/lib/ruby/gems/1.9.1/gems/actionpack-3.2.1/lib/action_dispatch/middleware/templates/rescues/routing_error.erb within rescues/layout (2.5ms)


Started GET "/" for 127.0.0.1 at 2012-04-26 18:28:16 +0200
Processing by NotesController#index as HTML
  [1m[35mNote Load (0.0ms)[0m  SELECT "notes".* FROM "notes" 
  Rendered notes/index.html.erb within layouts/application (22.5ms)
Completed 200 OK in 40ms (Views: 35.0ms | ActiveRecord: 0.0ms)


Started GET "/assets/application.css?body=1" for 127.0.0.1 at 2012-04-26 18:28:16 +0200
Served asset /application.css - 200 OK (0ms)


Started GET "/assets/file_attachments.js?body=1" for 127.0.0.1 at 2012-04-26 18:28:16 +0200
Served asset /file_attachments.js - 200 OK (0ms)


Started GET "/assets/file_attachments.css?body=1" for 127.0.0.1 at 2012-04-26 18:28:16 +0200
Served asset /file_attachments.css - 200 OK (0ms)


Started GET "/assets/notes.css?body=1" for 127.0.0.1 at 2012-04-26 18:28:16 +0200
Served asset /notes.css - 200 OK (0ms)


Started GET "/assets/scaffolds.css?body=1" for 127.0.0.1 at 2012-04-26 18:28:16 +0200
Served asset /scaffolds.css - 200 OK (2ms)


Started GET "/assets/jquery.js?body=1" for 127.0.0.1 at 2012-04-26 18:28:16 +0200
Served asset /jquery.js - 200 OK (0ms)


Started GET "/assets/jquery_ujs.js?body=1" for 127.0.0.1 at 2012-04-26 18:28:16 +0200
Served asset /jquery_ujs.js - 200 OK (0ms)


Started GET "/assets/notes.js?body=1" for 127.0.0.1 at 2012-04-26 18:28:16 +0200
Served asset /notes.js - 200 OK (0ms)


Started GET "/assets/notes.js?body=1" for 127.0.0.1 at 2012-04-26 18:28:16 +0200
Served asset /notes.js - 200 OK (0ms)


Started GET "/assets/application.js?body=1" for 127.0.0.1 at 2012-04-26 18:28:16 +0200
Served asset /application.js - 200 OK (0ms)


Started GET "/file_attachments/new.3" for 127.0.0.1 at 2012-04-26 18:28:16 +0200
Processing by FileAttachmentsController#new as 
Completed 406 Not Acceptable in 5ms (ActiveRecord: 0.0ms)


Started GET "/file_attachments/new.3" for 127.0.0.1 at 2012-04-26 18:31:29 +0200
Processing by FileAttachmentsController#new as 
Completed 406 Not Acceptable in 0ms (ActiveRecord: 0.0ms)


Started GET "/file_attachments/new.1" for 127.0.0.1 at 2012-04-26 18:37:24 +0200
Processing by FileAttachmentsController#new as 
Completed 406 Not Acceptable in 2ms (ActiveRecord: 0.0ms)


Started GET "/file_attachments/new.2" for 127.0.0.1 at 2012-04-26 18:38:35 +0200
Processing by FileAttachmentsController#new as 
Completed 406 Not Acceptable in 5ms (ActiveRecord: 0.0ms)


Started GET "/file_attachments/new" for 127.0.0.1 at 2012-04-26 18:39:24 +0200
Processing by FileAttachmentsController#new as HTML
  Rendered file_attachments/_form.html.erb (2.5ms)
  Rendered file_attachments/new.html.erb within layouts/application (5.0ms)
Completed 200 OK in 19ms (Views: 18.5ms | ActiveRecord: 0.0ms)


Started GET "/assets/notes.css?body=1" for 127.0.0.1 at 2012-04-26 18:39:24 +0200
Served asset /notes.css - 200 OK (0ms)


Started GET "/assets/file_attachments.css?body=1" for 127.0.0.1 at 2012-04-26 18:39:24 +0200
Served asset /file_attachments.css - 200 OK (0ms)


Started GET "/assets/application.css?body=1" for 127.0.0.1 at 2012-04-26 18:39:24 +0200
Served asset /application.css - 200 OK (0ms)


Started GET "/assets/scaffolds.css?body=1" for 127.0.0.1 at 2012-04-26 18:39:24 +0200
Served asset /scaffolds.css - 200 OK (0ms)


Started GET "/assets/jquery.js?body=1" for 127.0.0.1 at 2012-04-26 18:39:24 +0200
Served asset /jquery.js - 200 OK (0ms)


Started GET "/assets/jquery_ujs.js?body=1" for 127.0.0.1 at 2012-04-26 18:39:24 +0200
Served asset /jquery_ujs.js - 200 OK (2ms)


Started GET "/assets/application.js?body=1" for 127.0.0.1 at 2012-04-26 18:39:24 +0200
Served asset /application.js - 200 OK (0ms)


Started GET "/assets/notes.js?body=1" for 127.0.0.1 at 2012-04-26 18:39:24 +0200
Served asset /notes.js - 200 OK (0ms)


Started GET "/assets/file_attachments.js?body=1" for 127.0.0.1 at 2012-04-26 18:39:24 +0200
Served asset /file_attachments.js - 200 OK (0ms)


Started GET "/file_attachments" for 127.0.0.1 at 2012-04-26 18:39:32 +0200
Processing by FileAttachmentsController#index as HTML
  [1m[36mFileAttachment Load (2.5ms)[0m  [1mSELECT "file_attachments".* FROM "file_attachments" [0m
  Rendered file_attachments/index.html.erb within layouts/application (2.5ms)
Completed 200 OK in 12ms (Views: 10.0ms | ActiveRecord: 2.5ms)


Started GET "/assets/notes.css?body=1" for 127.0.0.1 at 2012-04-26 18:39:32 +0200
Served asset /notes.css - 200 OK (0ms)


Started GET "/assets/file_attachments.css?body=1" for 127.0.0.1 at 2012-04-26 18:39:32 +0200
Served asset /file_attachments.css - 200 OK (0ms)


Started GET "/file_attachments/new.3" for 127.0.0.1 at 2012-04-26 18:40:39 +0200
Processing by FileAttachmentsController#new as 
Completed 406 Not Acceptable in 5ms (ActiveRecord: 0.0ms)


Started GET "/file_attachments/new/4" for 127.0.0.1 at 2012-04-26 18:41:04 +0200

ActionController::RoutingError (No route matches [GET] "/file_attachments/new/4"):
  actionpack (3.2.1) lib/action_dispatch/middleware/debug_exceptions.rb:21:in `call'
  actionpack (3.2.1) lib/action_dispatch/middleware/show_exceptions.rb:56:in `call'
  railties (3.2.1) lib/rails/rack/logger.rb:26:in `call_app'
  railties (3.2.1) lib/rails/rack/logger.rb:16:in `call'
  actionpack (3.2.1) lib/action_dispatch/middleware/request_id.rb:22:in `call'
  rack (1.4.1) lib/rack/methodoverride.rb:21:in `call'
  rack (1.4.1) lib/rack/runtime.rb:17:in `call'
  activesupport (3.2.1) lib/active_support/cache/strategy/local_cache.rb:72:in `call'
  rack (1.4.1) lib/rack/lock.rb:15:in `call'
  actionpack (3.2.1) lib/action_dispatch/middleware/static.rb:53:in `call'
  railties (3.2.1) lib/rails/engine.rb:479:in `call'
  railties (3.2.1) lib/rails/application.rb:220:in `call'
  rack (1.4.1) lib/rack/content_length.rb:14:in `call'
  railties (3.2.1) lib/rails/rack/log_tailer.rb:14:in `call'
  rack (1.4.1) lib/rack/handler/webrick.rb:59:in `service'
  c:/ruby/lib/ruby/1.9.1/webrick/httpserver.rb:138:in `service'
  c:/ruby/lib/ruby/1.9.1/webrick/httpserver.rb:94:in `run'
  c:/ruby/lib/ruby/1.9.1/webrick/server.rb:191:in `block in start_thread'


  Rendered c:/ruby/lib/ruby/gems/1.9.1/gems/actionpack-3.2.1/lib/action_dispatch/middleware/templates/rescues/routing_error.erb within rescues/layout (0.0ms)


Started GET "/file_attachments/new" for 127.0.0.1 at 2012-04-26 18:41:13 +0200
Processing by FileAttachmentsController#new as HTML
  Rendered file_attachments/_form.html.erb (2.5ms)
  Rendered file_attachments/new.html.erb within layouts/application (5.0ms)
Completed 200 OK in 16ms (Views: 16.0ms | ActiveRecord: 0.0ms)


Started GET "/assets/file_attachments.css?body=1" for 127.0.0.1 at 2012-04-26 18:41:13 +0200
Served asset /file_attachments.css - 200 OK (0ms)


Started GET "/assets/notes.css?body=1" for 127.0.0.1 at 2012-04-26 18:41:13 +0200
Served asset /notes.css - 200 OK (0ms)


Started GET "/file_attachments/new.1" for 127.0.0.1 at 2012-04-26 18:41:34 +0200
Processing by FileAttachmentsController#new as 
Completed 406 Not Acceptable in 0ms (ActiveRecord: 0.0ms)


Started GET "/file_attachments/new.2" for 127.0.0.1 at 2012-04-26 18:41:41 +0200
Processing by FileAttachmentsController#new as 
Completed 406 Not Acceptable in 0ms (ActiveRecord: 0.0ms)


Started GET "/" for 127.0.0.1 at 2012-04-26 18:42:34 +0200
Processing by NotesController#index as HTML
  [1m[36mNote Load (0.0ms)[0m  [1mSELECT "notes".* FROM "notes" [0m
  Rendered notes/index.html.erb within layouts/application (22.5ms)
Completed 200 OK in 128ms (Views: 122.5ms | ActiveRecord: 0.0ms)


Started GET "/assets/application.css?body=1" for 127.0.0.1 at 2012-04-26 18:42:36 +0200
Served asset /application.css - 200 OK (27ms)


Started GET "/assets/scaffolds.css?body=1" for 127.0.0.1 at 2012-04-26 18:42:36 +0200
Served asset /scaffolds.css - 200 OK (4ms)


Started GET "/assets/file_attachments.css?body=1" for 127.0.0.1 at 2012-04-26 18:42:36 +0200
Served asset /file_attachments.css - 200 OK (4ms)


Started GET "/assets/notes.css?body=1" for 127.0.0.1 at 2012-04-26 18:42:36 +0200
Served asset /notes.css - 200 OK (5ms)


Started GET "/assets/jquery.js?body=1" for 127.0.0.1 at 2012-04-26 18:42:36 +0200
Served asset /jquery.js - 200 OK (4ms)


Started GET "/assets/jquery_ujs.js?body=1" for 127.0.0.1 at 2012-04-26 18:42:36 +0200
Served asset /jquery_ujs.js - 200 OK (4ms)


Started GET "/assets/file_attachments.js?body=1" for 127.0.0.1 at 2012-04-26 18:42:36 +0200
Served asset /file_attachments.js - 200 OK (2ms)


Started GET "/assets/notes.js?body=1" for 127.0.0.1 at 2012-04-26 18:42:36 +0200
Served asset /notes.js - 200 OK (2ms)


Started GET "/assets/notes.js?body=1" for 127.0.0.1 at 2012-04-26 18:42:36 +0200
Served asset /notes.js - 200 OK (0ms)


Started GET "/assets/application.js?body=1" for 127.0.0.1 at 2012-04-26 18:42:36 +0200
Served asset /application.js - 200 OK (10ms)


Started GET "/file_attachments/new?note_id=4" for 127.0.0.1 at 2012-04-26 18:42:42 +0200
Processing by FileAttachmentsController#new as HTML
  Parameters: {"note_id"=>"4"}
  Rendered file_attachments/_form.html.erb (7.5ms)
  Rendered file_attachments/new.html.erb within layouts/application (31.0ms)
Completed 200 OK in 46ms (Views: 41.0ms | ActiveRecord: 0.0ms)


Started GET "/assets/file_attachments.css?body=1" for 127.0.0.1 at 2012-04-26 18:42:42 +0200
Served asset /file_attachments.css - 200 OK (0ms)


Started GET "/assets/notes.css?body=1" for 127.0.0.1 at 2012-04-26 18:42:42 +0200
Served asset /notes.css - 200 OK (2ms)


Started GET "/" for 127.0.0.1 at 2012-04-26 18:43:46 +0200
Processing by NotesController#index as HTML
  [1m[36mNote Load (0.0ms)[0m  [1mSELECT "notes".* FROM "notes" [0m
  Rendered notes/index.html.erb within layouts/application (27.5ms)
Completed 200 OK in 140ms (Views: 135.0ms | ActiveRecord: 0.0ms)


Started GET "/assets/file_attachments.css?body=1" for 127.0.0.1 at 2012-04-26 18:43:48 +0200
Served asset /file_attachments.css - 200 OK (2ms)


Started GET "/assets/notes.css?body=1" for 127.0.0.1 at 2012-04-26 18:43:48 +0200
Served asset /notes.css - 200 OK (2ms)


Started GET "/file_attachments/new" for 127.0.0.1 at 2012-04-26 18:43:52 +0200
Processing by FileAttachmentsController#new as HTML
  Rendered file_attachments/_form.html.erb (7.5ms)
  Rendered file_attachments/new.html.erb within layouts/application (30.0ms)
Completed 200 OK in 46ms (Views: 41.0ms | ActiveRecord: 0.0ms)


Started GET "/assets/file_attachments.css?body=1" for 127.0.0.1 at 2012-04-26 18:43:52 +0200
Served asset /file_attachments.css - 200 OK (0ms)


Started GET "/assets/notes.css?body=1" for 127.0.0.1 at 2012-04-26 18:43:52 +0200
Served asset /notes.css - 200 OK (0ms)


Started GET "/file_attachments/new" for 127.0.0.1 at 2012-04-26 18:44:11 +0200
Processing by FileAttachmentsController#new as HTML
  Rendered file_attachments/_form.html.erb (2.5ms)
  Rendered file_attachments/new.html.erb within layouts/application (3.5ms)
Completed 200 OK in 16ms (Views: 16.0ms | ActiveRecord: 0.0ms)


Started GET "/assets/file_attachments.css?body=1" for 127.0.0.1 at 2012-04-26 18:44:11 +0200
Served asset /file_attachments.css - 200 OK (0ms)


Started GET "/assets/notes.css?body=1" for 127.0.0.1 at 2012-04-26 18:44:11 +0200
Served asset /notes.css - 200 OK (0ms)


Started GET "/file_attachments/new" for 127.0.0.1 at 2012-04-26 18:44:39 +0200
Processing by FileAttachmentsController#new as HTML
  Rendered file_attachments/_form.html.erb (2.5ms)
  Rendered file_attachments/new.html.erb within layouts/application (5.0ms)
Completed 200 OK in 16ms (Views: 13.5ms | ActiveRecord: 0.0ms)


Started GET "/assets/file_attachments.css?body=1" for 127.0.0.1 at 2012-04-26 18:44:39 +0200
Served asset /file_attachments.css - 200 OK (0ms)


Started GET "/assets/notes.css?body=1" for 127.0.0.1 at 2012-04-26 18:44:39 +0200
Served asset /notes.css - 200 OK (0ms)


Started GET "/file_attachments/new" for 127.0.0.1 at 2012-04-26 18:44:51 +0200
Processing by FileAttachmentsController#new as HTML
  Rendered file_attachments/_form.html.erb (2.5ms)
  Rendered file_attachments/new.html.erb within layouts/application (5.0ms)
Completed 200 OK in 16ms (Views: 13.5ms | ActiveRecord: 0.0ms)


Started GET "/assets/file_attachments.css?body=1" for 127.0.0.1 at 2012-04-26 18:44:51 +0200
Served asset /file_attachments.css - 200 OK (0ms)


Started GET "/assets/notes.css?body=1" for 127.0.0.1 at 2012-04-26 18:44:51 +0200
Served asset /notes.css - 200 OK (0ms)


Started GET "/" for 127.0.0.1 at 2012-04-26 18:45:29 +0200
Processing by NotesController#index as HTML
  [1m[36mNote Load (0.0ms)[0m  [1mSELECT "notes".* FROM "notes" [0m
  Rendered notes/index.html.erb within layouts/application (25.0ms)
Completed 200 OK in 128ms (Views: 120.0ms | ActiveRecord: 0.0ms)


Started GET "/assets/file_attachments.css?body=1" for 127.0.0.1 at 2012-04-26 18:45:30 +0200
Served asset /file_attachments.css - 200 OK (2ms)


Started GET "/assets/notes.css?body=1" for 127.0.0.1 at 2012-04-26 18:45:30 +0200
Served asset /notes.css - 200 OK (0ms)


Started GET "/file_attachments/new?note_id=4" for 127.0.0.1 at 2012-04-26 18:45:32 +0200
Processing by FileAttachmentsController#new as HTML
  Parameters: {"note_id"=>"4"}
  Rendered file_attachments/_form.html.erb (7.5ms)
  Rendered file_attachments/new.html.erb within layouts/application (28.5ms)
Completed 200 OK in 46ms (Views: 41.0ms | ActiveRecord: 0.0ms)


Started GET "/assets/file_attachments.css?body=1" for 127.0.0.1 at 2012-04-26 18:45:32 +0200
Served asset /file_attachments.css - 200 OK (0ms)


Started GET "/assets/notes.css?body=1" for 127.0.0.1 at 2012-04-26 18:45:32 +0200
Served asset /notes.css - 200 OK (0ms)


Started POST "/file_attachments" for 127.0.0.1 at 2012-04-26 18:45:39 +0200
Processing by FileAttachmentsController#create as HTML
  Parameters: {"utf8"=>"✓", "authenticity_token"=>"C8oAudFNOZBVGgsW8twy2RqRKR0L9v5a2vXZ3H8XuL4=", "file_attachment"=>{"title"=>"sad", "desc"=>"asd"}, "commit"=>"Create File attachment"}
  [1m[35m (0.0ms)[0m  begin transaction
  [1m[36mSQL (35.0ms)[0m  [1mINSERT INTO "file_attachments" ("created_at", "desc", "note_id", "title", "updated_at") VALUES (?, ?, ?, ?, ?)[0m  [["created_at", Thu, 26 Apr 2012 16:45:39 UTC +00:00], ["desc", "asd"], ["note_id", nil], ["title", "sad"], ["updated_at", Thu, 26 Apr 2012 16:45:39 UTC +00:00]]
  [1m[35m (7.5ms)[0m  commit transaction
Redirected to http://localhost:3000/file_attachments/3
Completed 302 Found in 45ms (ActiveRecord: 42.5ms)


Started GET "/file_attachments/3" for 127.0.0.1 at 2012-04-26 18:45:39 +0200
Processing by FileAttachmentsController#show as HTML
  Parameters: {"id"=>"3"}
  [1m[36mFileAttachment Load (0.0ms)[0m  [1mSELECT "file_attachments".* FROM "file_attachments" WHERE "file_attachments"."id" = ? LIMIT 1[0m  [["id", "3"]]
  Rendered file_attachments/show.html.erb within layouts/application (2.5ms)
Completed 200 OK in 12ms (Views: 10.0ms | ActiveRecord: 0.0ms)


Started GET "/assets/file_attachments.css?body=1" for 127.0.0.1 at 2012-04-26 18:45:39 +0200
Served asset /file_attachments.css - 200 OK (0ms)


Started GET "/assets/notes.css?body=1" for 127.0.0.1 at 2012-04-26 18:45:39 +0200
Served asset /notes.css - 200 OK (0ms)


Started GET "/" for 127.0.0.1 at 2012-04-26 18:46:50 +0200
Processing by NotesController#index as HTML
  [1m[35mNote Load (0.0ms)[0m  SELECT "notes".* FROM "notes" 
  Rendered notes/index.html.erb within layouts/application (5.0ms)
Completed 200 OK in 15ms (Views: 12.5ms | ActiveRecord: 0.0ms)


Started GET "/assets/file_attachments.css?body=1" for 127.0.0.1 at 2012-04-26 18:46:50 +0200
Served asset /file_attachments.css - 200 OK (0ms)


Started GET "/assets/notes.css?body=1" for 127.0.0.1 at 2012-04-26 18:46:50 +0200
Served asset /notes.css - 200 OK (0ms)


Started GET "/file_attachments/new?note_id=6" for 127.0.0.1 at 2012-04-26 18:46:54 +0200
Processing by FileAttachmentsController#new as HTML
  Parameters: {"note_id"=>"6"}
  Rendered file_attachments/_form.html.erb (0.0ms)
  Rendered file_attachments/new.html.erb within layouts/application (5.0ms)
Completed 200 OK in 16ms (Views: 16.0ms | ActiveRecord: 0.0ms)


Started GET "/assets/file_attachments.css?body=1" for 127.0.0.1 at 2012-04-26 18:46:54 +0200
Served asset /file_attachments.css - 200 OK (0ms)


Started GET "/assets/notes.css?body=1" for 127.0.0.1 at 2012-04-26 18:46:54 +0200
Served asset /notes.css - 200 OK (0ms)


Started POST "/file_attachments" for 127.0.0.1 at 2012-04-26 18:47:03 +0200
Processing by FileAttachmentsController#create as HTML
  Parameters: {"utf8"=>"✓", "authenticity_token"=>"C8oAudFNOZBVGgsW8twy2RqRKR0L9v5a2vXZ3H8XuL4=", "file_attachment"=>{"title"=>"ageb", "desc"=>"ageb"}, "commit"=>"Create File attachment"}
  [1m[36m (0.0ms)[0m  [1mbegin transaction[0m
  [1m[35mSQL (2.5ms)[0m  INSERT INTO "file_attachments" ("created_at", "desc", "note_id", "title", "updated_at") VALUES (?, ?, ?, ?, ?)  [["created_at", Thu, 26 Apr 2012 16:47:03 UTC +00:00], ["desc", "ageb"], ["note_id", nil], ["title", "ageb"], ["updated_at", Thu, 26 Apr 2012 16:47:03 UTC +00:00]]
  [1m[36m (30.0ms)[0m  [1mcommit transaction[0m
Redirected to http://localhost:3000/file_attachments/4
Completed 302 Found in 35ms (ActiveRecord: 32.5ms)


Started GET "/file_attachments/4" for 127.0.0.1 at 2012-04-26 18:47:03 +0200
Processing by FileAttachmentsController#show as HTML
  Parameters: {"id"=>"4"}
  [1m[35mFileAttachment Load (0.0ms)[0m  SELECT "file_attachments".* FROM "file_attachments" WHERE "file_attachments"."id" = ? LIMIT 1  [["id", "4"]]
  Rendered file_attachments/show.html.erb within layouts/application (0.0ms)
Completed 200 OK in 11ms (Views: 11.0ms | ActiveRecord: 0.0ms)


Started GET "/assets/notes.css?body=1" for 127.0.0.1 at 2012-04-26 18:47:03 +0200
Served asset /notes.css - 200 OK (0ms)


Started GET "/assets/file_attachments.css?body=1" for 127.0.0.1 at 2012-04-26 18:47:03 +0200
Served asset /file_attachments.css - 200 OK (0ms)


Started GET "/" for 127.0.0.1 at 2012-04-26 18:47:35 +0200
Processing by NotesController#index as HTML
  [1m[36mNote Load (0.0ms)[0m  [1mSELECT "notes".* FROM "notes" [0m
  Rendered notes/index.html.erb within layouts/application (2.5ms)
Completed 200 OK in 15ms (Views: 15.0ms | ActiveRecord: 0.0ms)


Started GET "/assets/file_attachments.css?body=1" for 127.0.0.1 at 2012-04-26 18:47:35 +0200
Served asset /file_attachments.css - 200 OK (0ms)


Started GET "/assets/notes.css?body=1" for 127.0.0.1 at 2012-04-26 18:47:35 +0200
Served asset /notes.css - 200 OK (0ms)


Started GET "/file_attachments/new?note_id=2" for 127.0.0.1 at 2012-04-26 18:47:37 +0200
Processing by FileAttachmentsController#new as HTML
  Parameters: {"note_id"=>"2"}
  Rendered file_attachments/_form.html.erb (0.0ms)
  Rendered file_attachments/new.html.erb within layouts/application (3.5ms)
Completed 200 OK in 18ms (Views: 13.5ms | ActiveRecord: 0.0ms)


Started GET "/assets/notes.css?body=1" for 127.0.0.1 at 2012-04-26 18:47:37 +0200
Served asset /notes.css - 200 OK (0ms)


Started GET "/assets/file_attachments.css?body=1" for 127.0.0.1 at 2012-04-26 18:47:37 +0200
Served asset /file_attachments.css - 200 OK (0ms)


Started GET "/file_attachments/new?note_id=3" for 127.0.0.1 at 2012-04-26 18:47:40 +0200
Processing by FileAttachmentsController#new as HTML
  Parameters: {"note_id"=>"3"}
  Rendered file_attachments/_form.html.erb (2.5ms)
  Rendered file_attachments/new.html.erb within layouts/application (3.5ms)
Completed 200 OK in 14ms (Views: 13.5ms | ActiveRecord: 0.0ms)


Started GET "/assets/notes.css?body=1" for 127.0.0.1 at 2012-04-26 18:47:40 +0200
Served asset /notes.css - 200 OK (0ms)


Started GET "/assets/file_attachments.css?body=1" for 127.0.0.1 at 2012-04-26 18:47:40 +0200
Served asset /file_attachments.css - 200 OK (0ms)


Started GET "/file_attachments/new?note_id=1" for 127.0.0.1 at 2012-04-26 18:47:42 +0200
Processing by FileAttachmentsController#new as HTML
  Parameters: {"note_id"=>"1"}
  Rendered file_attachments/_form.html.erb (2.5ms)
  Rendered file_attachments/new.html.erb within layouts/application (5.0ms)
Completed 200 OK in 28ms (Views: 28.5ms | ActiveRecord: 0.0ms)


Started GET "/assets/notes.css?body=1" for 127.0.0.1 at 2012-04-26 18:47:42 +0200
Served asset /notes.css - 200 OK (0ms)


Started GET "/assets/file_attachments.css?body=1" for 127.0.0.1 at 2012-04-26 18:47:42 +0200
Served asset /file_attachments.css - 200 OK (0ms)


Started GET "/file_attachments/new?note_id=3" for 127.0.0.1 at 2012-04-26 18:48:07 +0200
Processing by FileAttachmentsController#new as HTML
  Parameters: {"note_id"=>"3"}
  Rendered file_attachments/_form.html.erb (2.5ms)
  Rendered file_attachments/new.html.erb within layouts/application (5.0ms)
Completed 200 OK in 19ms (Views: 13.5ms | ActiveRecord: 0.0ms)


Started GET "/assets/file_attachments.css?body=1" for 127.0.0.1 at 2012-04-26 18:48:07 +0200
Served asset /file_attachments.css - 200 OK (0ms)


Started GET "/assets/notes.css?body=1" for 127.0.0.1 at 2012-04-26 18:48:07 +0200
Served asset /notes.css - 200 OK (2ms)


Started GET "/file_attachments/new?note_id=3" for 127.0.0.1 at 2012-04-26 18:48:28 +0200
Processing by FileAttachmentsController#new as HTML
  Parameters: {"note_id"=>"3"}
  Rendered file_attachments/_form.html.erb (2.5ms)
  Rendered file_attachments/new.html.erb within layouts/application (5.0ms)
Completed 200 OK in 36ms (Views: 31.0ms | ActiveRecord: 0.0ms)


Started GET "/assets/file_attachments.css?body=1" for 127.0.0.1 at 2012-04-26 18:48:28 +0200
Served asset /file_attachments.css - 200 OK (0ms)


Started GET "/assets/notes.css?body=1" for 127.0.0.1 at 2012-04-26 18:48:28 +0200
Served asset /notes.css - 200 OK (0ms)


Started POST "/file_attachments" for 127.0.0.1 at 2012-04-26 18:48:41 +0200
Processing by FileAttachmentsController#create as HTML
  Parameters: {"utf8"=>"✓", "authenticity_token"=>"C8oAudFNOZBVGgsW8twy2RqRKR0L9v5a2vXZ3H8XuL4=", "file_attachment"=>{"title"=>"ddd", "desc"=>"ddd"}, "commit"=>"Create File attachment"}
  [1m[35m (0.0ms)[0m  begin transaction
  [1m[36mSQL (2.5ms)[0m  [1mINSERT INTO "file_attachments" ("created_at", "desc", "note_id", "title", "updated_at") VALUES (?, ?, ?, ?, ?)[0m  [["created_at", Thu, 26 Apr 2012 16:48:41 UTC +00:00], ["desc", "ddd"], ["note_id", nil], ["title", "ddd"], ["updated_at", Thu, 26 Apr 2012 16:48:41 UTC +00:00]]
  [1m[35m (10.0ms)[0m  commit transaction
Redirected to http://localhost:3000/file_attachments/5
Completed 302 Found in 18ms (ActiveRecord: 12.5ms)


Started GET "/file_attachments/5" for 127.0.0.1 at 2012-04-26 18:48:41 +0200
Processing by FileAttachmentsController#show as HTML
  Parameters: {"id"=>"5"}
  [1m[36mFileAttachment Load (0.0ms)[0m  [1mSELECT "file_attachments".* FROM "file_attachments" WHERE "file_attachments"."id" = ? LIMIT 1[0m  [["id", "5"]]
  Rendered file_attachments/show.html.erb within layouts/application (0.0ms)
Completed 200 OK in 10ms (Views: 10.0ms | ActiveRecord: 0.0ms)


Started GET "/assets/file_attachments.css?body=1" for 127.0.0.1 at 2012-04-26 18:48:41 +0200
Served asset /file_attachments.css - 200 OK (0ms)


Started GET "/assets/notes.css?body=1" for 127.0.0.1 at 2012-04-26 18:48:41 +0200
Served asset /notes.css - 200 OK (2ms)


Started GET "/file_attachments/new?note_id=2" for 127.0.0.1 at 2012-04-26 18:49:38 +0200
Processing by FileAttachmentsController#new as HTML
  Parameters: {"note_id"=>"2"}
  Rendered file_attachments/_form.html.erb (2.5ms)
  Rendered file_attachments/new.html.erb within layouts/application (5.0ms)
Completed 200 OK in 34ms (Views: 31.0ms | ActiveRecord: 0.0ms)


Started GET "/assets/file_attachments.css?body=1" for 127.0.0.1 at 2012-04-26 18:49:38 +0200
Served asset /file_attachments.css - 200 OK (0ms)


Started GET "/assets/notes.css?body=1" for 127.0.0.1 at 2012-04-26 18:49:38 +0200
Served asset /notes.css - 200 OK (0ms)


Started POST "/file_attachments" for 127.0.0.1 at 2012-04-26 18:49:42 +0200
Processing by FileAttachmentsController#create as HTML
  Parameters: {"utf8"=>"✓", "authenticity_token"=>"C8oAudFNOZBVGgsW8twy2RqRKR0L9v5a2vXZ3H8XuL4=", "file_attachment"=>{"title"=>"qqq", "desc"=>"qqq"}, "commit"=>"Create File attachment"}
  [1m[35m (0.0ms)[0m  begin transaction
  [1m[36mSQL (2.5ms)[0m  [1mINSERT INTO "file_attachments" ("created_at", "desc", "note_id", "title", "updated_at") VALUES (?, ?, ?, ?, ?)[0m  [["created_at", Thu, 26 Apr 2012 16:49:42 UTC +00:00], ["desc", "qqq"], ["note_id", 3], ["title", "qqq"], ["updated_at", Thu, 26 Apr 2012 16:49:42 UTC +00:00]]
  [1m[35m (10.0ms)[0m  commit transaction
Redirected to http://localhost:3000/file_attachments/6
Completed 302 Found in 18ms (ActiveRecord: 12.5ms)


Started GET "/file_attachments/6" for 127.0.0.1 at 2012-04-26 18:49:42 +0200
Processing by FileAttachmentsController#show as HTML
  Parameters: {"id"=>"6"}
  [1m[36mFileAttachment Load (0.0ms)[0m  [1mSELECT "file_attachments".* FROM "file_attachments" WHERE "file_attachments"."id" = ? LIMIT 1[0m  [["id", "6"]]
  Rendered file_attachments/show.html.erb within layouts/application (0.0ms)
Completed 200 OK in 10ms (Views: 10.0ms | ActiveRecord: 0.0ms)


Started GET "/assets/notes.css?body=1" for 127.0.0.1 at 2012-04-26 18:49:42 +0200
Served asset /notes.css - 200 OK (0ms)


Started GET "/assets/file_attachments.css?body=1" for 127.0.0.1 at 2012-04-26 18:49:42 +0200
Served asset /file_attachments.css - 200 OK (0ms)


Started GET "/file_attachments/new?note_id=2" for 127.0.0.1 at 2012-04-26 18:50:57 +0200
Processing by FileAttachmentsController#new as HTML
  Parameters: {"note_id"=>"2"}
  Rendered file_attachments/_form.html.erb (0.0ms)
  Rendered file_attachments/new.html.erb within layouts/application (5.0ms)
Completed 200 OK in 20ms (Views: 15.0ms | ActiveRecord: 0.0ms)


Started GET "/assets/file_attachments.css?body=1" for 127.0.0.1 at 2012-04-26 18:50:57 +0200
Served asset /file_attachments.css - 200 OK (0ms)


Started GET "/assets/notes.css?body=1" for 127.0.0.1 at 2012-04-26 18:50:57 +0200
Served asset /notes.css - 200 OK (0ms)


Started POST "/file_attachments" for 127.0.0.1 at 2012-04-26 18:51:01 +0200
Processing by FileAttachmentsController#create as HTML
  Parameters: {"utf8"=>"✓", "authenticity_token"=>"C8oAudFNOZBVGgsW8twy2RqRKR0L9v5a2vXZ3H8XuL4=", "file_attachment"=>{"title"=>"ggg", "desc"=>"ggg"}, "commit"=>"Create File attachment"}
  [1m[35m (0.0ms)[0m  begin transaction
  [1m[36mSQL (2.5ms)[0m  [1mINSERT INTO "file_attachments" ("created_at", "desc", "note_id", "title", "updated_at") VALUES (?, ?, ?, ?, ?)[0m  [["created_at", Thu, 26 Apr 2012 16:51:01 UTC +00:00], ["desc", "ggg"], ["note_id", nil], ["title", "ggg"], ["updated_at", Thu, 26 Apr 2012 16:51:01 UTC +00:00]]
  [1m[35m (10.0ms)[0m  commit transaction
Redirected to http://localhost:3000/file_attachments/7
Completed 302 Found in 15ms (ActiveRecord: 12.5ms)


Started GET "/file_attachments/7" for 127.0.0.1 at 2012-04-26 18:51:01 +0200
Processing by FileAttachmentsController#show as HTML
  Parameters: {"id"=>"7"}
  [1m[36mFileAttachment Load (0.0ms)[0m  [1mSELECT "file_attachments".* FROM "file_attachments" WHERE "file_attachments"."id" = ? LIMIT 1[0m  [["id", "7"]]
  Rendered file_attachments/show.html.erb within layouts/application (0.0ms)
Completed 200 OK in 13ms (Views: 12.5ms | ActiveRecord: 0.0ms)


Started GET "/assets/notes.css?body=1" for 127.0.0.1 at 2012-04-26 18:51:01 +0200
Served asset /notes.css - 200 OK (0ms)


Started GET "/assets/file_attachments.css?body=1" for 127.0.0.1 at 2012-04-26 18:51:01 +0200
Served asset /file_attachments.css - 200 OK (0ms)


Started POST "/file_attachments" for 127.0.0.1 at 2012-04-26 18:51:32 +0200
Processing by FileAttachmentsController#create as HTML
  Parameters: {"utf8"=>"✓", "authenticity_token"=>"C8oAudFNOZBVGgsW8twy2RqRKR0L9v5a2vXZ3H8XuL4=", "file_attachment"=>{"title"=>"ggg", "desc"=>"ggg"}, "commit"=>"Create File attachment"}
  [1m[35m (0.0ms)[0m  begin transaction
  [1m[36mSQL (0.0ms)[0m  [1mINSERT INTO "file_attachments" ("created_at", "desc", "note_id", "title", "updated_at") VALUES (?, ?, ?, ?, ?)[0m  [["created_at", Thu, 26 Apr 2012 16:51:32 UTC +00:00], ["desc", "ggg"], ["note_id", nil], ["title", "ggg"], ["updated_at", Thu, 26 Apr 2012 16:51:32 UTC +00:00]]
  [1m[35m (5.0ms)[0m  commit transaction
Redirected to http://localhost:3000/file_attachments/8
Completed 302 Found in 18ms (ActiveRecord: 5.0ms)


Started GET "/file_attachments/8" for 127.0.0.1 at 2012-04-26 18:51:32 +0200
Processing by FileAttachmentsController#show as HTML
  Parameters: {"id"=>"8"}
  [1m[36mFileAttachment Load (0.0ms)[0m  [1mSELECT "file_attachments".* FROM "file_attachments" WHERE "file_attachments"."id" = ? LIMIT 1[0m  [["id", "8"]]
  Rendered file_attachments/show.html.erb within layouts/application (2.5ms)
Completed 200 OK in 12ms (Views: 10.0ms | ActiveRecord: 0.0ms)


Started GET "/assets/notes.css?body=1" for 127.0.0.1 at 2012-04-26 18:51:32 +0200
Served asset /notes.css - 200 OK (2ms)


Started GET "/assets/file_attachments.css?body=1" for 127.0.0.1 at 2012-04-26 18:51:32 +0200
Served asset /file_attachments.css - 200 OK (0ms)


Started POST "/file_attachments" for 127.0.0.1 at 2012-04-26 18:51:53 +0200
Processing by FileAttachmentsController#create as HTML
  Parameters: {"utf8"=>"✓", "authenticity_token"=>"C8oAudFNOZBVGgsW8twy2RqRKR0L9v5a2vXZ3H8XuL4=", "file_attachment"=>{"title"=>"ggg", "desc"=>"ggg"}, "commit"=>"Create File attachment"}
  [1m[35m (0.0ms)[0m  begin transaction
  [1m[36mSQL (0.0ms)[0m  [1mINSERT INTO "file_attachments" ("created_at", "desc", "note_id", "title", "updated_at") VALUES (?, ?, ?, ?, ?)[0m  [["created_at", Thu, 26 Apr 2012 16:51:53 UTC +00:00], ["desc", "ggg"], ["note_id", nil], ["title", "ggg"], ["updated_at", Thu, 26 Apr 2012 16:51:53 UTC +00:00]]
  [1m[35m (11.0ms)[0m  commit transaction
Redirected to http://localhost:3000/file_attachments/9
Completed 302 Found in 21ms (ActiveRecord: 11.0ms)


Started GET "/file_attachments/9" for 127.0.0.1 at 2012-04-26 18:51:53 +0200
Processing by FileAttachmentsController#show as HTML
  Parameters: {"id"=>"9"}
  [1m[36mFileAttachment Load (2.5ms)[0m  [1mSELECT "file_attachments".* FROM "file_attachments" WHERE "file_attachments"."id" = ? LIMIT 1[0m  [["id", "9"]]
  Rendered file_attachments/show.html.erb within layouts/application (2.5ms)
Completed 200 OK in 12ms (Views: 10.0ms | ActiveRecord: 2.5ms)


Started GET "/assets/notes.css?body=1" for 127.0.0.1 at 2012-04-26 18:51:53 +0200
Served asset /notes.css - 200 OK (0ms)


Started GET "/assets/file_attachments.css?body=1" for 127.0.0.1 at 2012-04-26 18:51:53 +0200
Served asset /file_attachments.css - 200 OK (2ms)


Started GET "/file_attachments/new?note_id=3" for 127.0.0.1 at 2012-04-26 18:54:24 +0200
Processing by FileAttachmentsController#new as HTML
  Parameters: {"note_id"=>"3"}
  Rendered file_attachments/_form.html.erb (45.0ms)
  Rendered file_attachments/new.html.erb within layouts/application (47.5ms)
Completed 500 Internal Server Error in 53ms

ActionView::Template::Error (undefined method `{:note_id=>"3"}' for #<FileAttachment:0x58da780>):
    21:   </div>
    22:   <div class="field">
    23:     <%= f.label :note_id %><br />
    24:     <%= f.text_field :note_id => params[:note_id]%>
    25:   </div>
    26:   <div class="actions">
    27:     <%= f.submit %>
  app/views/file_attachments/_form.html.erb:24:in `block in _app_views_file_attachments__form_html_erb___491366567_46617192'
  app/views/file_attachments/_form.html.erb:1:in `_app_views_file_attachments__form_html_erb___491366567_46617192'
  app/views/file_attachments/new.html.erb:3:in `_app_views_file_attachments_new_html_erb___1062120333_32836644'
  app/controllers/file_attachments_controller.rb:31:in `new'


  Rendered c:/ruby/lib/ruby/gems/1.9.1/gems/actionpack-3.2.1/lib/action_dispatch/middleware/templates/rescues/_trace.erb (20.0ms)
  Rendered c:/ruby/lib/ruby/gems/1.9.1/gems/actionpack-3.2.1/lib/action_dispatch/middleware/templates/rescues/_request_and_response.erb (0.0ms)
  Rendered c:/ruby/lib/ruby/gems/1.9.1/gems/actionpack-3.2.1/lib/action_dispatch/middleware/templates/rescues/template_error.erb within rescues/layout (25.0ms)


Started GET "/file_attachments/new?note_id=3" for 127.0.0.1 at 2012-04-26 18:54:52 +0200
Processing by FileAttachmentsController#new as HTML
  Parameters: {"note_id"=>"3"}
  Rendered file_attachments/_form.html.erb (2.5ms)
  Rendered file_attachments/new.html.erb within layouts/application (5.0ms)
Completed 200 OK in 15ms (Views: 15.0ms | ActiveRecord: 0.0ms)


Started GET "/assets/application.css?body=1" for 127.0.0.1 at 2012-04-26 18:54:52 +0200
Served asset /application.css - 200 OK (10ms)


Started GET "/assets/file_attachments.css?body=1" for 127.0.0.1 at 2012-04-26 18:54:52 +0200
Served asset /file_attachments.css - 200 OK (2ms)


Started GET "/assets/notes.css?body=1" for 127.0.0.1 at 2012-04-26 18:54:52 +0200
Served asset /notes.css - 200 OK (0ms)


Started GET "/assets/scaffolds.css?body=1" for 127.0.0.1 at 2012-04-26 18:54:52 +0200
Served asset /scaffolds.css - 200 OK (2ms)


Started GET "/assets/jquery.js?body=1" for 127.0.0.1 at 2012-04-26 18:54:52 +0200
Served asset /jquery.js - 200 OK (4ms)


Started GET "/assets/jquery_ujs.js?body=1" for 127.0.0.1 at 2012-04-26 18:54:52 +0200
Served asset /jquery_ujs.js - 200 OK (5ms)


Started GET "/assets/file_attachments.js?body=1" for 127.0.0.1 at 2012-04-26 18:54:52 +0200
Served asset /file_attachments.js - 200 OK (2ms)


Started GET "/assets/notes.js?body=1" for 127.0.0.1 at 2012-04-26 18:54:52 +0200
Served asset /notes.js - 200 OK (2ms)


Started GET "/assets/application.js?body=1" for 127.0.0.1 at 2012-04-26 18:54:52 +0200
Served asset /application.js - 200 OK (7ms)


Started GET "/file_attachments/new?note_id=2" for 127.0.0.1 at 2012-04-26 18:55:32 +0200
Processing by FileAttachmentsController#new as HTML
  Parameters: {"note_id"=>"2"}
  Rendered file_attachments/_form.html.erb (2.5ms)
  Rendered file_attachments/new.html.erb within layouts/application (5.0ms)
Completed 200 OK in 20ms (Views: 17.5ms | ActiveRecord: 0.0ms)


Started GET "/assets/file_attachments.css?body=1" for 127.0.0.1 at 2012-04-26 18:55:32 +0200
Served asset /file_attachments.css - 200 OK (0ms)


Started GET "/assets/notes.css?body=1" for 127.0.0.1 at 2012-04-26 18:55:32 +0200
Served asset /notes.css - 200 OK (0ms)


Started POST "/file_attachments" for 127.0.0.1 at 2012-04-26 18:55:40 +0200
Processing by FileAttachmentsController#create as HTML
  Parameters: {"utf8"=>"✓", "authenticity_token"=>"C8oAudFNOZBVGgsW8twy2RqRKR0L9v5a2vXZ3H8XuL4=", "file_attachment"=>{"title"=>"qwe", "desc"=>"qwe", "note_id"=>"2"}, "commit"=>"Create File attachment"}
  [1m[35m (0.0ms)[0m  begin transaction
  [1m[36mSQL (2.5ms)[0m  [1mINSERT INTO "file_attachments" ("created_at", "desc", "note_id", "title", "updated_at") VALUES (?, ?, ?, ?, ?)[0m  [["created_at", Thu, 26 Apr 2012 16:55:40 UTC +00:00], ["desc", "qwe"], ["note_id", 2], ["title", "qwe"], ["updated_at", Thu, 26 Apr 2012 16:55:40 UTC +00:00]]
  [1m[35m (13.5ms)[0m  commit transaction
Redirected to http://localhost:3000/file_attachments/10
Completed 302 Found in 21ms (ActiveRecord: 16.0ms)


Started GET "/file_attachments/10" for 127.0.0.1 at 2012-04-26 18:55:40 +0200
Processing by FileAttachmentsController#show as HTML
  Parameters: {"id"=>"10"}
  [1m[36mFileAttachment Load (0.0ms)[0m  [1mSELECT "file_attachments".* FROM "file_attachments" WHERE "file_attachments"."id" = ? LIMIT 1[0m  [["id", "10"]]
  Rendered file_attachments/show.html.erb within layouts/application (0.0ms)
Completed 200 OK in 12ms (Views: 10.0ms | ActiveRecord: 0.0ms)


Started GET "/assets/notes.css?body=1" for 127.0.0.1 at 2012-04-26 18:55:40 +0200
Served asset /notes.css - 200 OK (0ms)


Started GET "/assets/file_attachments.css?body=1" for 127.0.0.1 at 2012-04-26 18:55:40 +0200
Served asset /file_attachments.css - 200 OK (0ms)


Started GET "/notes/new" for 127.0.0.1 at 2012-04-26 18:56:55 +0200
Processing by NotesController#new as HTML
  Rendered notes/_form.html.erb (2.5ms)
  Rendered notes/new.html.erb within layouts/application (7.5ms)
Completed 200 OK in 20ms (Views: 17.5ms | ActiveRecord: 0.0ms)


Started GET "/assets/file_attachments.css?body=1" for 127.0.0.1 at 2012-04-26 18:56:55 +0200
Served asset /file_attachments.css - 200 OK (0ms)


Started GET "/assets/notes.css?body=1" for 127.0.0.1 at 2012-04-26 18:56:55 +0200
Served asset /notes.css - 200 OK (0ms)


Started POST "/notes" for 127.0.0.1 at 2012-04-26 18:57:02 +0200
Processing by NotesController#create as HTML
  Parameters: {"utf8"=>"✓", "authenticity_token"=>"C8oAudFNOZBVGgsW8twy2RqRKR0L9v5a2vXZ3H8XuL4=", "note"=>{"title"=>"marek", "desc"=>"kocha patryka"}, "commit"=>"Create Note"}
  [1m[35m (0.0ms)[0m  begin transaction
  [1m[36mSQL (2.5ms)[0m  [1mINSERT INTO "notes" ("created_at", "desc", "title", "updated_at") VALUES (?, ?, ?, ?)[0m  [["created_at", Thu, 26 Apr 2012 16:57:02 UTC +00:00], ["desc", "kocha patryka"], ["title", "marek"], ["updated_at", Thu, 26 Apr 2012 16:57:02 UTC +00:00]]
  [1m[35m (17.5ms)[0m  commit transaction
Redirected to http://localhost:3000/notes/4
Completed 302 Found in 25ms (ActiveRecord: 20.0ms)


Started GET "/notes/4" for 127.0.0.1 at 2012-04-26 18:57:02 +0200
Processing by NotesController#show as HTML
  Parameters: {"id"=>"4"}
  [1m[36mNote Load (0.0ms)[0m  [1mSELECT "notes".* FROM "notes" WHERE "notes"."id" = ? LIMIT 1[0m  [["id", "4"]]
  Rendered notes/show.html.erb within layouts/application (0.0ms)
Completed 200 OK in 65ms (Views: 15.0ms | ActiveRecord: 0.0ms)


Started GET "/assets/notes.css?body=1" for 127.0.0.1 at 2012-04-26 18:57:02 +0200
Served asset /notes.css - 200 OK (0ms)


Started GET "/assets/file_attachments.css?body=1" for 127.0.0.1 at 2012-04-26 18:57:02 +0200
Served asset /file_attachments.css - 200 OK (0ms)


Started GET "/notes" for 127.0.0.1 at 2012-04-26 18:57:04 +0200
Processing by NotesController#index as HTML
  [1m[35mNote Load (0.0ms)[0m  SELECT "notes".* FROM "notes" 
  Rendered notes/index.html.erb within layouts/application (2.5ms)
Completed 200 OK in 15ms (Views: 15.0ms | ActiveRecord: 0.0ms)


Started GET "/assets/file_attachments.css?body=1" for 127.0.0.1 at 2012-04-26 18:57:04 +0200
Served asset /file_attachments.css - 200 OK (0ms)


Started GET "/assets/notes.css?body=1" for 127.0.0.1 at 2012-04-26 18:57:04 +0200
Served asset /notes.css - 200 OK (2ms)


Started GET "/file_attachments/new?note_id=4" for 127.0.0.1 at 2012-04-26 18:57:05 +0200
Processing by FileAttachmentsController#new as HTML
  Parameters: {"note_id"=>"4"}
  Rendered file_attachments/_form.html.erb (2.5ms)
  Rendered file_attachments/new.html.erb within layouts/application (5.0ms)
Completed 200 OK in 15ms (Views: 15.0ms | ActiveRecord: 0.0ms)


Started GET "/assets/file_attachments.css?body=1" for 127.0.0.1 at 2012-04-26 18:57:05 +0200
Served asset /file_attachments.css - 200 OK (0ms)


Started GET "/assets/notes.css?body=1" for 127.0.0.1 at 2012-04-26 18:57:05 +0200
Served asset /notes.css - 200 OK (0ms)


Started POST "/file_attachments" for 127.0.0.1 at 2012-04-26 18:57:14 +0200
Processing by FileAttachmentsController#create as HTML
  Parameters: {"utf8"=>"✓", "authenticity_token"=>"C8oAudFNOZBVGgsW8twy2RqRKR0L9v5a2vXZ3H8XuL4=", "file_attachment"=>{"title"=>"mateusz", "desc"=>"sie dziwi", "note_id"=>"4"}, "commit"=>"Create File attachment"}
  [1m[36m (0.0ms)[0m  [1mbegin transaction[0m
  [1m[35mSQL (2.5ms)[0m  INSERT INTO "file_attachments" ("created_at", "desc", "note_id", "title", "updated_at") VALUES (?, ?, ?, ?, ?)  [["created_at", Thu, 26 Apr 2012 16:57:14 UTC +00:00], ["desc", "sie dziwi"], ["note_id", 4], ["title", "mateusz"], ["updated_at", Thu, 26 Apr 2012 16:57:14 UTC +00:00]]
  [1m[36m (8.5ms)[0m  [1mcommit transaction[0m
Redirected to http://localhost:3000/file_attachments/11
Completed 302 Found in 14ms (ActiveRecord: 11.0ms)


Started GET "/file_attachments/11" for 127.0.0.1 at 2012-04-26 18:57:14 +0200
Processing by FileAttachmentsController#show as HTML
  Parameters: {"id"=>"11"}
  [1m[35mFileAttachment Load (0.0ms)[0m  SELECT "file_attachments".* FROM "file_attachments" WHERE "file_attachments"."id" = ? LIMIT 1  [["id", "11"]]
  Rendered file_attachments/show.html.erb within layouts/application (0.0ms)
Completed 200 OK in 10ms (Views: 10.0ms | ActiveRecord: 0.0ms)


Started GET "/assets/file_attachments.css?body=1" for 127.0.0.1 at 2012-04-26 18:57:14 +0200
Served asset /file_attachments.css - 200 OK (0ms)


Started GET "/assets/notes.css?body=1" for 127.0.0.1 at 2012-04-26 18:57:14 +0200
Served asset /notes.css - 200 OK (0ms)


Started GET "/notes" for 127.0.0.1 at 2012-04-26 18:58:13 +0200
Processing by NotesController#index as HTML
  [1m[36mNote Load (0.0ms)[0m  [1mSELECT "notes".* FROM "notes" [0m
  Rendered notes/index.html.erb within layouts/application (2.5ms)
Completed 200 OK in 12ms (Views: 12.5ms | ActiveRecord: 0.0ms)


Started GET "/assets/file_attachments.js?body=1" for 127.0.0.1 at 2012-04-26 18:58:13 +0200
Served asset /file_attachments.js - 304 Not Modified (0ms)


Started GET "/assets/jquery.js?body=1" for 127.0.0.1 at 2012-04-26 18:58:13 +0200
Served asset /jquery.js - 304 Not Modified (0ms)


Started GET "/assets/scaffolds.css?body=1" for 127.0.0.1 at 2012-04-26 18:58:13 +0200
Served asset /scaffolds.css - 304 Not Modified (2ms)


Started GET "/assets/jquery_ujs.js?body=1" for 127.0.0.1 at 2012-04-26 18:58:13 +0200
Served asset /jquery_ujs.js - 304 Not Modified (0ms)


Started GET "/assets/file_attachments.css?body=1" for 127.0.0.1 at 2012-04-26 18:58:13 +0200
Served asset /file_attachments.css - 200 OK (0ms)


Started GET "/assets/application.css?body=1" for 127.0.0.1 at 2012-04-26 18:58:13 +0200
Served asset /application.css - 304 Not Modified (0ms)


Started GET "/assets/notes.css?body=1" for 127.0.0.1 at 2012-04-26 18:58:13 +0200
Served asset /notes.css - 200 OK (0ms)


Started GET "/assets/application.js?body=1" for 127.0.0.1 at 2012-04-26 18:58:13 +0200
Served asset /application.js - 304 Not Modified (0ms)


Started GET "/assets/notes.js?body=1" for 127.0.0.1 at 2012-04-26 18:58:13 +0200
Served asset /notes.js - 304 Not Modified (0ms)


Started GET "/assets/jquery_ujs.js?body=1" for 127.0.0.1 at 2012-04-26 18:58:13 +0200
Served asset /jquery_ujs.js - 304 Not Modified (0ms)


Started GET "/assets/file_attachments.js?body=1" for 127.0.0.1 at 2012-04-26 18:58:13 +0200
Served asset /file_attachments.js - 304 Not Modified (0ms)


Started GET "/assets/notes.js?body=1" for 127.0.0.1 at 2012-04-26 18:58:13 +0200
Served asset /notes.js - 304 Not Modified (0ms)


Started GET "/assets/application.js?body=1" for 127.0.0.1 at 2012-04-26 18:58:13 +0200
Served asset /application.js - 304 Not Modified (0ms)


Started GET "/file_attachments/new?note_id=4" for 127.0.0.1 at 2012-04-26 18:58:14 +0200
Processing by FileAttachmentsController#new as HTML
  Parameters: {"note_id"=>"4"}
  Rendered file_attachments/_form.html.erb (2.5ms)
  Rendered file_attachments/new.html.erb within layouts/application (5.0ms)
Completed 200 OK in 15ms (Views: 15.0ms | ActiveRecord: 0.0ms)


Started GET "/assets/application.css?body=1" for 127.0.0.1 at 2012-04-26 18:58:14 +0200
Served asset /application.css - 304 Not Modified (0ms)


Started GET "/assets/notes.css?body=1" for 127.0.0.1 at 2012-04-26 18:58:14 +0200
Served asset /notes.css - 200 OK (0ms)


Started GET "/assets/file_attachments.css?body=1" for 127.0.0.1 at 2012-04-26 18:58:14 +0200
Served asset /file_attachments.css - 200 OK (0ms)


Started GET "/assets/scaffolds.css?body=1" for 127.0.0.1 at 2012-04-26 18:58:14 +0200
Served asset /scaffolds.css - 304 Not Modified (0ms)


Started GET "/assets/jquery.js?body=1" for 127.0.0.1 at 2012-04-26 18:58:14 +0200
Served asset /jquery.js - 304 Not Modified (0ms)


Started GET "/assets/jquery_ujs.js?body=1" for 127.0.0.1 at 2012-04-26 18:58:14 +0200
Served asset /jquery_ujs.js - 304 Not Modified (0ms)


Started GET "/assets/file_attachments.js?body=1" for 127.0.0.1 at 2012-04-26 18:58:14 +0200
Served asset /file_attachments.js - 304 Not Modified (2ms)


Started GET "/assets/application.js?body=1" for 127.0.0.1 at 2012-04-26 18:58:14 +0200
Served asset /application.js - 304 Not Modified (0ms)


Started GET "/assets/notes.js?body=1" for 127.0.0.1 at 2012-04-26 18:58:14 +0200
Served asset /notes.js - 304 Not Modified (0ms)


Started GET "/assets/jquery_ujs.js?body=1" for 127.0.0.1 at 2012-04-26 18:58:14 +0200
Served asset /jquery_ujs.js - 304 Not Modified (0ms)


Started GET "/assets/file_attachments.js?body=1" for 127.0.0.1 at 2012-04-26 18:58:14 +0200
Served asset /file_attachments.js - 304 Not Modified (0ms)


Started GET "/assets/notes.js?body=1" for 127.0.0.1 at 2012-04-26 18:58:14 +0200
Served asset /notes.js - 304 Not Modified (0ms)


Started GET "/assets/application.js?body=1" for 127.0.0.1 at 2012-04-26 18:58:14 +0200
Served asset /application.js - 304 Not Modified (0ms)


Started POST "/file_attachments" for 127.0.0.1 at 2012-04-26 18:58:18 +0200
Processing by FileAttachmentsController#create as HTML
  Parameters: {"utf8"=>"✓", "authenticity_token"=>"C8oAudFNOZBVGgsW8twy2RqRKR0L9v5a2vXZ3H8XuL4=", "file_attachment"=>{"title"=>"dd", "desc"=>"dd", "note_id"=>"4"}, "commit"=>"Create File attachment"}
  [1m[35m (0.0ms)[0m  begin transaction
  [1m[36mSQL (2.5ms)[0m  [1mINSERT INTO "file_attachments" ("created_at", "desc", "note_id", "title", "updated_at") VALUES (?, ?, ?, ?, ?)[0m  [["created_at", Thu, 26 Apr 2012 16:58:18 UTC +00:00], ["desc", "dd"], ["note_id", 4], ["title", "dd"], ["updated_at", Thu, 26 Apr 2012 16:58:18 UTC +00:00]]
  [1m[35m (5.0ms)[0m  commit transaction
Redirected to http://localhost:3000/file_attachments/12
Completed 302 Found in 8ms (ActiveRecord: 7.5ms)


Started GET "/file_attachments/12" for 127.0.0.1 at 2012-04-26 18:58:19 +0200
Processing by FileAttachmentsController#show as HTML
  Parameters: {"id"=>"12"}
  [1m[36mFileAttachment Load (2.5ms)[0m  [1mSELECT "file_attachments".* FROM "file_attachments" WHERE "file_attachments"."id" = ? LIMIT 1[0m  [["id", "12"]]
  Rendered file_attachments/show.html.erb within layouts/application (0.0ms)
Completed 200 OK in 12ms (Views: 10.0ms | ActiveRecord: 2.5ms)


Started GET "/assets/application.css?body=1" for 127.0.0.1 at 2012-04-26 18:58:19 +0200
Served asset /application.css - 304 Not Modified (0ms)


Started GET "/assets/file_attachments.css?body=1" for 127.0.0.1 at 2012-04-26 18:58:19 +0200
Served asset /file_attachments.css - 200 OK (0ms)


Started GET "/assets/scaffolds.css?body=1" for 127.0.0.1 at 2012-04-26 18:58:19 +0200
Served asset /scaffolds.css - 304 Not Modified (2ms)


Started GET "/assets/notes.css?body=1" for 127.0.0.1 at 2012-04-26 18:58:19 +0200
Served asset /notes.css - 200 OK (0ms)


Started GET "/assets/jquery.js?body=1" for 127.0.0.1 at 2012-04-26 18:58:19 +0200
Served asset /jquery.js - 304 Not Modified (0ms)


Started GET "/assets/notes.js?body=1" for 127.0.0.1 at 2012-04-26 18:58:19 +0200
Served asset /notes.js - 304 Not Modified (2ms)


Started GET "/assets/jquery_ujs.js?body=1" for 127.0.0.1 at 2012-04-26 18:58:19 +0200
Served asset /jquery_ujs.js - 304 Not Modified (0ms)


Started GET "/assets/file_attachments.js?body=1" for 127.0.0.1 at 2012-04-26 18:58:19 +0200
Served asset /file_attachments.js - 304 Not Modified (0ms)


Started GET "/assets/application.js?body=1" for 127.0.0.1 at 2012-04-26 18:58:19 +0200
Served asset /application.js - 304 Not Modified (0ms)


Started GET "/assets/notes.js?body=1" for 127.0.0.1 at 2012-04-26 18:58:19 +0200
Served asset /notes.js - 304 Not Modified (0ms)


Started GET "/assets/application.js?body=1" for 127.0.0.1 at 2012-04-26 18:58:19 +0200
Served asset /application.js - 304 Not Modified (2ms)
  [1m[36m (1.0ms)[0m  [1mSELECT "schema_migrations"."version" FROM "schema_migrations" [0m
Migrating to CreateNotes (20120426154658)
Migrating to CreateFileAttachments (20120426155052)
Migrating to AddAttachFile (20120427092806)
  [1m[35m (0.0ms)[0m  select sqlite_version(*)
  [1m[36m (0.0ms)[0m  [1mbegin transaction[0m
  [1m[35m (1.0ms)[0m  ALTER TABLE "file_attachments" ADD "attach_file_name" varchar(255)
  [1m[36m (0.0ms)[0m  [1mALTER TABLE "file_attachments" ADD "attach_content_type" varchar(255)[0m
  [1m[35m (0.0ms)[0m  ALTER TABLE "file_attachments" ADD "attach_file_size" integer
  [1m[36m (0.0ms)[0m  [1mALTER TABLE "file_attachments" ADD "attach_updated_at" datetime[0m
  [1m[35m (0.0ms)[0m  INSERT INTO "schema_migrations" ("version") VALUES ('20120427092806')
  [1m[36m (10.0ms)[0m  [1mcommit transaction[0m
  [1m[35m (1.0ms)[0m  select sqlite_version(*)
  [1m[36m (0.0ms)[0m  [1mSELECT "schema_migrations"."version" FROM "schema_migrations" [0m
  [1m[35m (0.0ms)[0m  PRAGMA index_list("file_attachments")
  [1m[36m (0.0ms)[0m  [1mPRAGMA index_list("notes")[0m


Started GET "/" for 127.0.0.1 at 2012-04-27 11:35:47 +0200
Processing by NotesController#index as HTML
  [1m[36mNote Load (0.0ms)[0m  [1mSELECT "notes".* FROM "notes" [0m
  Rendered notes/index.html.erb within layouts/application (28.0ms)
Completed 200 OK in 214ms (Views: 209.0ms | ActiveRecord: 0.0ms)


Started GET "/assets/application.css?body=1" for 127.0.0.1 at 2012-04-27 11:35:49 +0200
Served asset /application.css - 200 OK (15ms)


Started GET "/assets/notes.css?body=1" for 127.0.0.1 at 2012-04-27 11:35:49 +0200
Served asset /notes.css - 200 OK (5ms)


Started GET "/assets/file_attachments.css?body=1" for 127.0.0.1 at 2012-04-27 11:35:49 +0200
Served asset /file_attachments.css - 200 OK (3ms)


Started GET "/assets/scaffolds.css?body=1" for 127.0.0.1 at 2012-04-27 11:35:49 +0200
Served asset /scaffolds.css - 200 OK (2ms)


Started GET "/assets/jquery.js?body=1" for 127.0.0.1 at 2012-04-27 11:35:49 +0200
Served asset /jquery.js - 200 OK (6ms)


Started GET "/assets/file_attachments.js?body=1" for 127.0.0.1 at 2012-04-27 11:35:49 +0200
Served asset /file_attachments.js - 200 OK (8ms)


Started GET "/assets/jquery_ujs.js?body=1" for 127.0.0.1 at 2012-04-27 11:35:49 +0200
Served asset /jquery_ujs.js - 200 OK (3ms)


Started GET "/assets/application.js?body=1" for 127.0.0.1 at 2012-04-27 11:35:49 +0200
Served asset /application.js - 200 OK (36ms)


Started GET "/assets/notes.js?body=1" for 127.0.0.1 at 2012-04-27 11:35:49 +0200
Served asset /notes.js - 200 OK (3ms)


Started GET "/file_attachments/new?note_id=4" for 127.0.0.1 at 2012-04-27 11:35:57 +0200
Processing by FileAttachmentsController#new as HTML
  Parameters: {"note_id"=>"4"}
  Rendered file_attachments/_form.html.erb (85.0ms)
  Rendered file_attachments/new.html.erb within layouts/application (108.0ms)
Completed 200 OK in 125ms (Views: 118.0ms | ActiveRecord: 0.0ms)


Started GET "/assets/file_attachments.css?body=1" for 127.0.0.1 at 2012-04-27 11:35:57 +0200
Served asset /file_attachments.css - 200 OK (0ms)


Started GET "/assets/notes.css?body=1" for 127.0.0.1 at 2012-04-27 11:35:57 +0200
Served asset /notes.css - 200 OK (0ms)


Started POST "/file_attachments" for 127.0.0.1 at 2012-04-27 11:36:20 +0200
Processing by FileAttachmentsController#create as HTML
  Parameters: {"utf8"=>"✓", "authenticity_token"=>"qn1DCphnuh4Ib0/kd8ENwiGw3aU0TxaKtg0lIrBWLI0=", "file_attachment"=>{"title"=>"soww4", "desc"=>"rozwiazanie", "attach"=>#<ActionDispatch::Http::UploadedFile:0x4ce9ae0 @original_filename="lab4.c", @content_type="application/octet-stream", @headers="Content-Disposition: form-data; name=\"file_attachment[attach]\"; filename=\"lab4.c\"\r\nContent-Type: application/octet-stream\r\n", @tempfile=#<File:C:/Users/DeCe/AppData/Local/Temp/RackMultipart20120427-5016-1fnpo01>>, "note_id"=>"4"}, "commit"=>"Create File attachment"}
  [1m[35m (0.0ms)[0m  begin transaction
Binary data inserted for `string` type on column `attach_content_type`
  [1m[36mSQL (76.0ms)[0m  [1mINSERT INTO "file_attachments" ("attach_content_type", "attach_file_name", "attach_file_size", "attach_updated_at", "created_at", "desc", "note_id", "title", "updated_at") VALUES (?, ?, ?, ?, ?, ?, ?, ?, ?)[0m  [["attach_content_type", "application/octet-stream"], ["attach_file_name", "lab4.c"], ["attach_file_size", 10770], ["attach_updated_at", Fri, 27 Apr 2012 09:36:20 UTC +00:00], ["created_at", Fri, 27 Apr 2012 09:36:20 UTC +00:00], ["desc", "rozwiazanie"], ["note_id", 4], ["title", "soww4"], ["updated_at", Fri, 27 Apr 2012 09:36:20 UTC +00:00]]
[paperclip] Saving attachments.
  [1m[35m (6.0ms)[0m  commit transaction
Redirected to http://localhost:3000/file_attachments/13
Completed 302 Found in 104ms (ActiveRecord: 82.0ms)


Started GET "/file_attachments/13" for 127.0.0.1 at 2012-04-27 11:36:20 +0200
Processing by FileAttachmentsController#show as HTML
  Parameters: {"id"=>"13"}
  [1m[36mFileAttachment Load (0.0ms)[0m  [1mSELECT "file_attachments".* FROM "file_attachments" WHERE "file_attachments"."id" = ? LIMIT 1[0m  [["id", "13"]]
  Rendered file_attachments/show.html.erb within layouts/application (68.0ms)
Completed 500 Internal Server Error in 76ms

ActionView::Template::Error (undefined method `attach' for nil:NilClass):
    10:   <%= @file_attachment.desc %>
    11: </p>
    12: <p>
    13: <a href="<%= @user.attach.url %> "><b> File attached </b></a>
    14: </p>
    15: 
    16: 
  app/views/file_attachments/show.html.erb:13:in `_app_views_file_attachments_show_html_erb___98635334_32294328'
  app/controllers/file_attachments_controller.rb:18:in `show'


  Rendered c:/ruby/lib/ruby/gems/1.9.1/gems/actionpack-3.2.1/lib/action_dispatch/middleware/templates/rescues/_trace.erb (3.0ms)
  Rendered c:/ruby/lib/ruby/gems/1.9.1/gems/actionpack-3.2.1/lib/action_dispatch/middleware/templates/rescues/_request_and_response.erb (1.0ms)
  Rendered c:/ruby/lib/ruby/gems/1.9.1/gems/actionpack-3.2.1/lib/action_dispatch/middleware/templates/rescues/template_error.erb within rescues/layout (10.0ms)


Started POST "/file_attachments" for 127.0.0.1 at 2012-04-27 11:36:42 +0200
Processing by FileAttachmentsController#create as HTML
  Parameters: {"utf8"=>"✓", "authenticity_token"=>"qn1DCphnuh4Ib0/kd8ENwiGw3aU0TxaKtg0lIrBWLI0=", "file_attachment"=>{"title"=>"soww4", "desc"=>"rozwiazanie", "attach"=>#<ActionDispatch::Http::UploadedFile:0x3e5b150 @original_filename="lab4.c", @content_type="application/octet-stream", @headers="Content-Disposition: form-data; name=\"file_attachment[attach]\"; filename=\"lab4.c\"\r\nContent-Type: application/octet-stream\r\n", @tempfile=#<File:C:/Users/DeCe/AppData/Local/Temp/RackMultipart20120427-5016-7w8r2m>>, "note_id"=>"4"}, "commit"=>"Create File attachment"}
  [1m[35m (0.0ms)[0m  begin transaction
Binary data inserted for `string` type on column `attach_content_type`
  [1m[36mSQL (1.0ms)[0m  [1mINSERT INTO "file_attachments" ("attach_content_type", "attach_file_name", "attach_file_size", "attach_updated_at", "created_at", "desc", "note_id", "title", "updated_at") VALUES (?, ?, ?, ?, ?, ?, ?, ?, ?)[0m  [["attach_content_type", "application/octet-stream"], ["attach_file_name", "lab4.c"], ["attach_file_size", 10770], ["attach_updated_at", Fri, 27 Apr 2012 09:36:42 UTC +00:00], ["created_at", Fri, 27 Apr 2012 09:36:42 UTC +00:00], ["desc", "rozwiazanie"], ["note_id", 4], ["title", "soww4"], ["updated_at", Fri, 27 Apr 2012 09:36:42 UTC +00:00]]
[paperclip] Saving attachments.
  [1m[35m (6.0ms)[0m  commit transaction
Redirected to http://localhost:3000/file_attachments/14
Completed 302 Found in 26ms (ActiveRecord: 7.0ms)


Started GET "/file_attachments/14" for 127.0.0.1 at 2012-04-27 11:36:42 +0200
Processing by FileAttachmentsController#show as HTML
  Parameters: {"id"=>"14"}
  [1m[36mFileAttachment Load (0.0ms)[0m  [1mSELECT "file_attachments".* FROM "file_attachments" WHERE "file_attachments"."id" = ? LIMIT 1[0m  [["id", "14"]]
  Rendered file_attachments/show.html.erb within layouts/application (2.0ms)
Completed 200 OK in 14ms (Views: 13.0ms | ActiveRecord: 0.0ms)


Started GET "/assets/file_attachments.css?body=1" for 127.0.0.1 at 2012-04-27 11:36:42 +0200
Served asset /file_attachments.css - 200 OK (0ms)


Started GET "/assets/notes.css?body=1" for 127.0.0.1 at 2012-04-27 11:36:42 +0200
Served asset /notes.css - 200 OK (0ms)


Started GET "/file_attachments" for 127.0.0.1 at 2012-04-27 11:36:50 +0200
Processing by FileAttachmentsController#index as HTML
  [1m[35mFileAttachment Load (0.0ms)[0m  SELECT "file_attachments".* FROM "file_attachments" 
  Rendered file_attachments/index.html.erb within layouts/application (9.0ms)
Completed 200 OK in 20ms (Views: 18.0ms | ActiveRecord: 0.0ms)


Started GET "/assets/file_attachments.css?body=1" for 127.0.0.1 at 2012-04-27 11:36:50 +0200
Served asset /file_attachments.css - 200 OK (0ms)


Started GET "/assets/notes.css?body=1" for 127.0.0.1 at 2012-04-27 11:36:50 +0200
Served asset /notes.css - 200 OK (0ms)


Started DELETE "/file_attachments/13" for 127.0.0.1 at 2012-04-27 11:36:54 +0200
Processing by FileAttachmentsController#destroy as HTML
  Parameters: {"authenticity_token"=>"qn1DCphnuh4Ib0/kd8ENwiGw3aU0TxaKtg0lIrBWLI0=", "id"=>"13"}
  [1m[36mFileAttachment Load (1.0ms)[0m  [1mSELECT "file_attachments".* FROM "file_attachments" WHERE "file_attachments"."id" = ? LIMIT 1[0m  [["id", "13"]]
  [1m[35m (0.0ms)[0m  begin transaction
[paperclip] Scheduling attachments for deletion.
  [1m[36mSQL (1.0ms)[0m  [1mDELETE FROM "file_attachments" WHERE "file_attachments"."id" = ?[0m  [["id", 13]]
[paperclip] Deleting attachments.
[paperclip] deleting C:/Users/DeCe/My Documents/Aptana Studio 3 Workspace/NoteShare2/public/system/file_attachments/attaches/000/000/013/original/lab4.c
  [1m[35m (13.0ms)[0m  commit transaction
Redirected to http://localhost:3000/file_attachments
Completed 302 Found in 24ms (ActiveRecord: 15.0ms)


Started GET "/file_attachments" for 127.0.0.1 at 2012-04-27 11:36:54 +0200
Processing by FileAttachmentsController#index as HTML
  [1m[36mFileAttachment Load (0.0ms)[0m  [1mSELECT "file_attachments".* FROM "file_attachments" [0m
  Rendered file_attachments/index.html.erb within layouts/application (8.0ms)
Completed 200 OK in 24ms (Views: 22.0ms | ActiveRecord: 0.0ms)


Started GET "/assets/file_attachments.css?body=1" for 127.0.0.1 at 2012-04-27 11:36:54 +0200
Served asset /file_attachments.css - 200 OK (0ms)


Started GET "/assets/notes.css?body=1" for 127.0.0.1 at 2012-04-27 11:36:54 +0200
Served asset /notes.css - 200 OK (0ms)


Started GET "/file_attachments/14" for 127.0.0.1 at 2012-04-27 11:36:56 +0200
Processing by FileAttachmentsController#show as HTML
  Parameters: {"id"=>"14"}
  [1m[35mFileAttachment Load (1.0ms)[0m  SELECT "file_attachments".* FROM "file_attachments" WHERE "file_attachments"."id" = ? LIMIT 1  [["id", "14"]]
  Rendered file_attachments/show.html.erb within layouts/application (1.0ms)
Completed 200 OK in 13ms (Views: 12.0ms | ActiveRecord: 1.0ms)


Started GET "/assets/file_attachments.css?body=1" for 127.0.0.1 at 2012-04-27 11:36:56 +0200
Served asset /file_attachments.css - 200 OK (0ms)


Started GET "/assets/notes.css?body=1" for 127.0.0.1 at 2012-04-27 11:36:56 +0200
Served asset /notes.css - 200 OK (0ms)
